#
# A fatal error has been detected by the Java Runtime Environment:
#
#  Internal Error (./src/hotspot/cpu/x86/assembler_x86.cpp:1006), pid=19116, tid=20840
#  Error: ShouldNotReachHere()
#
# JRE version: OpenJDK Runtime Environment JBR-11.0.11.9-1504.13-jcef (11.0.11+9) (build 11.0.11+9-b1504.13)
# Java VM: OpenJDK 64-Bit Server VM JBR-11.0.11.9-1504.13-jcef (11.0.11+9-b1504.13, mixed mode, tiered, compressed oops, g1 gc, windows-amd64)
# No core dump will be written. Minidumps are not enabled by default on client versions of Windows
#
# If you would like to submit a bug report, please visit:
#   https://bugreport.java.com/bugreport/crash.jsp
#

---------------  S U M M A R Y ------------

Command Line: -Xverify:none -XX:TieredStopAtLevel=1 com.mthoko.mobile.Main

Host: Intel(R) Core(TM) i7-8565U CPU @ 1.80GHz, 8 cores, 31G,  Windows 10 , 64 bit Build 19041 (10.0.19041.1151)
Time: Sat Sep 11 01:38:25 2021 South Africa Standard Time elapsed time: 824.098534 seconds (0d 0h 13m 44s)

---------------  T H R E A D  ---------------

Current thread (0x000001e27d776000):  GCTaskThread "GC Thread#3" [stack: 0x000000cb51700000,0x000000cb51800000] [id=20840]

Stack: [0x000000cb51700000,0x000000cb51800000]
[error occurred during error reporting (printing stack bounds), id 0xc0000005, EXCEPTION_ACCESS_VIOLATION (0xc0000005) at pc=0x000001e25f130f2d]

Native frames: (J=compiled Java code, j=interpreted, Vv=VM code, C=native code)
V  [jvm.dll+0x5f5d5a]
V  [jvm.dll+0x7798b5]
V  [jvm.dll+0x77aecd]
V  [jvm.dll+0x77b4e5]
V  [jvm.dll+0x77b49b]
V  [jvm.dll+0x5f50f0]
V  [jvm.dll+0x5f5888]
C  [ntdll.dll+0xa217f]
C  [ntdll.dll+0x51454]
C  [ntdll.dll+0xa0cae]
C  0x000001e25f130f2d


---------------  P R O C E S S  ---------------

Threads class SMR info:
_java_thread_list=0x000001e27c977170, length=30, elements={
0x000001e27c82d800, 0x000001e27c851800, 0x000001e27c87c000, 0x000001e27c87e000,
0x000001e27c881000, 0x000001e27c8cd800, 0x000001e27c8d6800, 0x000001e27ca03000,
0x000001e27e1d2000, 0x000001e27e1d2800, 0x000001e27d2b3800, 0x000001e27e6aa800,
0x000001e27d21f800, 0x000001e2083a0800, 0x000001e20885d000, 0x000001e20885b800,
0x000001e20885d800, 0x000001e20885c000, 0x000001e20862b800, 0x000001e20862a800,
0x000001e20862e800, 0x000001e20862f800, 0x000001e208629800, 0x000001e20862e000,
0x000001e20862c000, 0x000001e208630000, 0x000001e20862d000, 0x000001e208e20000,
0x000001e208e1a000, 0x000001e208e20800
}

Java Threads: ( => current thread )
  0x000001e27c82d800 JavaThread "Reference Handler" daemon [_thread_blocked, id=24492, stack(0x000000cb50c00000,0x000000cb50d00000)]
  0x000001e27c851800 JavaThread "Finalizer" daemon [_thread_blocked, id=14816, stack(0x000000cb50d00000,0x000000cb50e00000)]
  0x000001e27c87c000 JavaThread "Signal Dispatcher" daemon [_thread_blocked, id=8476, stack(0x000000cb50e00000,0x000000cb50f00000)]
  0x000001e27c87e000 JavaThread "Attach Listener" daemon [_thread_blocked, id=17544, stack(0x000000cb50f00000,0x000000cb51000000)]
  0x000001e27c881000 JavaThread "Service Thread" daemon [_thread_blocked, id=19736, stack(0x000000cb51000000,0x000000cb51100000)]
  0x000001e27c8cd800 JavaThread "C1 CompilerThread0" daemon [_thread_blocked, id=1692, stack(0x000000cb51100000,0x000000cb51200000)]
  0x000001e27c8d6800 JavaThread "Sweeper thread" daemon [_thread_blocked, id=25200, stack(0x000000cb51200000,0x000000cb51300000)]
  0x000001e27ca03000 JavaThread "Common-Cleaner" daemon [_thread_blocked, id=21876, stack(0x000000cb51400000,0x000000cb51500000)]
  0x000001e27e1d2000 JavaThread "Catalina-utility-1" [_thread_blocked, id=20796, stack(0x000000cb51e00000,0x000000cb51f00000)]
  0x000001e27e1d2800 JavaThread "Catalina-utility-2" [_thread_blocked, id=21164, stack(0x000000cb52000000,0x000000cb52100000)]
  0x000001e27d2b3800 JavaThread "container-0" [_thread_blocked, id=11816, stack(0x000000cb52100000,0x000000cb52200000)]
  0x000001e27e6aa800 JavaThread "mysql-cj-abandoned-connection-cleanup" daemon [_thread_blocked, id=18340, stack(0x000000cb52200000,0x000000cb52300000)]
  0x000001e27d21f800 JavaThread "PostgreSQL-JDBC-SharedTimer-1" daemon [_thread_blocked, id=25936, stack(0x000000cb52400000,0x000000cb52500000)]
  0x000001e2083a0800 JavaThread "HikariPool-1 housekeeper" daemon [_thread_blocked, id=20088, stack(0x000000cb52500000,0x000000cb52600000)]
  0x000001e20885d000 JavaThread "Live Reload Server" daemon [_thread_in_native, id=21916, stack(0x000000cb52800000,0x000000cb52900000)]
  0x000001e20885b800 JavaThread "File Watcher" daemon [_thread_blocked, id=24108, stack(0x000000cb52a00000,0x000000cb52b00000)]
  0x000001e20885d800 JavaThread "http-nio-5000-BlockPoller" daemon [_thread_in_native, id=3184, stack(0x000000cb52b00000,0x000000cb52c00000)]
  0x000001e20885c000 JavaThread "http-nio-5000-exec-1" daemon [_thread_blocked, id=22332, stack(0x000000cb52c00000,0x000000cb52d00000)]
  0x000001e20862b800 JavaThread "http-nio-5000-exec-2" daemon [_thread_blocked, id=15096, stack(0x000000cb52d00000,0x000000cb52e00000)]
  0x000001e20862a800 JavaThread "http-nio-5000-exec-3" daemon [_thread_blocked, id=16736, stack(0x000000cb52e00000,0x000000cb52f00000)]
  0x000001e20862e800 JavaThread "http-nio-5000-exec-4" daemon [_thread_blocked, id=7080, stack(0x000000cb52f00000,0x000000cb53000000)]
  0x000001e20862f800 JavaThread "http-nio-5000-exec-5" daemon [_thread_blocked, id=18368, stack(0x000000cb53000000,0x000000cb53100000)]
  0x000001e208629800 JavaThread "http-nio-5000-exec-6" daemon [_thread_blocked, id=20416, stack(0x000000cb53100000,0x000000cb53200000)]
  0x000001e20862e000 JavaThread "http-nio-5000-exec-7" daemon [_thread_blocked, id=18516, stack(0x000000cb53200000,0x000000cb53300000)]
  0x000001e20862c000 JavaThread "http-nio-5000-exec-8" daemon [_thread_blocked, id=12132, stack(0x000000cb53300000,0x000000cb53400000)]
  0x000001e208630000 JavaThread "http-nio-5000-exec-9" daemon [_thread_blocked, id=15196, stack(0x000000cb53400000,0x000000cb53500000)]
  0x000001e20862d000 JavaThread "http-nio-5000-exec-10" daemon [_thread_blocked, id=19484, stack(0x000000cb53500000,0x000000cb53600000)]
  0x000001e208e20000 JavaThread "http-nio-5000-ClientPoller" daemon [_thread_in_native, id=12604, stack(0x000000cb53600000,0x000000cb53700000)]
  0x000001e208e1a000 JavaThread "http-nio-5000-Acceptor" daemon [_thread_in_native, id=12676, stack(0x000000cb53700000,0x000000cb53800000)]
  0x000001e208e20800 JavaThread "DestroyJavaVM" [_thread_blocked, id=19496, stack(0x000000cb50500000,0x000000cb50600000)]

Other Threads:
  0x000001e27c82a000 VMThread "VM Thread" [stack: 0x000000cb50b00000,0x000000cb50c00000] [id=7376]
  0x000001e27c9fe800 WatcherThread [stack: 0x000000cb51300000,0x000000cb51400000] [id=10788]
  0x000001e25b524800 GCTaskThread "GC Thread#0" [stack: 0x000000cb50600000,0x000000cb50700000] [id=5412]
  0x000001e27d3ed000 GCTaskThread "GC Thread#1" [stack: 0x000000cb51500000,0x000000cb51600000] [id=21000]
  0x000001e27d775800 GCTaskThread "GC Thread#2" [stack: 0x000000cb51600000,0x000000cb51700000] [id=19796]
=>0x000001e27d776000 GCTaskThread "GC Thread#3" [stack: 0x000000cb51700000,0x000000cb51800000] [id=20840]
  0x000001e27d77a800 GCTaskThread "GC Thread#4" [stack: 0x000000cb51800000,0x000000cb51900000] [id=22924]
  0x000001e27d77b800 GCTaskThread "GC Thread#5" [stack: 0x000000cb51900000,0x000000cb51a00000] [id=15200]
  0x000001e27d77c800 GCTaskThread "GC Thread#6" [stack: 0x000000cb51a00000,0x000000cb51b00000] [id=25976]
  0x000001e27d781800 GCTaskThread "GC Thread#7" [stack: 0x000000cb51b00000,0x000000cb51c00000] [id=25852]
  0x000001e25b5a2000 ConcurrentGCThread "G1 Main Marker" [stack: 0x000000cb50700000,0x000000cb50800000] [id=24832]
  0x000001e25b5a3800 ConcurrentGCThread "G1 Conc#0" [stack: 0x000000cb50800000,0x000000cb50900000] [id=15580]
  0x000001e27dc35800 ConcurrentGCThread "G1 Conc#1" [stack: 0x000000cb51f00000,0x000000cb52000000] [id=14756]
  0x000001e27be8b800 ConcurrentGCThread "G1 Refine#0" [stack: 0x000000cb50900000,0x000000cb50a00000] [id=18608]
  0x000001e27be8c800 ConcurrentGCThread "G1 Young RemSet Sampling" [stack: 0x000000cb50a00000,0x000000cb50b00000] [id=14356]

Threads with active compile tasks:

VM state:at safepoint (normal execution)

VM Mutex/Monitor currently owned by a thread:  ([mutex/lock_event])
[0x000001e25b507bd0] Threads_lock - owner thread: 0x000001e27c82a000
[0x000001e25b508a70] Heap_lock - owner thread: 0x000001e20885b800

Heap address: 0x0000000602e00000, size: 8146 MB, Compressed Oops mode: Zero based, Oop shift amount: 3
Narrow klass base: 0x0000000800000000, Narrow klass shift: 0
Compressed class space size: 1073741824 Address: 0x0000000800000000

Heap:
 garbage-first heap   total 626688K, used 382550K [0x0000000602e00000, 0x0000000800000000)
  region size 2048K, 182 young (372736K), 11 survivors (22528K)
 Metaspace       used 65459K, capacity 67553K, committed 67760K, reserved 1107968K
  class space    used 8584K, capacity 9364K, committed 9472K, reserved 1048576K
Heap Regions: E=young(eden), S=young(survivor), O=old, HS=humongous(starts), HC=humongous(continues), CS=collection set, F=free, A=archive, TAMS=top-at-mark-start (previous, next)
|   0|0x0000000602e00000, 0x0000000603000000, 0x0000000603000000|100%| O|  |TAMS 0x0000000603000000, 0x0000000602e00000| Untracked 
|   1|0x0000000603000000, 0x0000000603200000, 0x0000000603200000|100%| O|  |TAMS 0x000000060306ec00, 0x0000000603000000| Untracked 
|   2|0x0000000603200000, 0x0000000603400000, 0x0000000603400000|100%| O|  |TAMS 0x0000000603200000, 0x0000000603200000| Untracked 
|   3|0x0000000603400000, 0x0000000603600000, 0x0000000603600000|100%| O|  |TAMS 0x0000000603400000, 0x0000000603400000| Untracked 
|   4|0x0000000603600000, 0x0000000603684a00, 0x0000000603800000| 25%| O|  |TAMS 0x0000000603600000, 0x0000000603600000| Untracked 
|   5|0x0000000603800000, 0x0000000603800000, 0x0000000603a00000|  0%| F|  |TAMS 0x0000000603800000, 0x0000000603800000| Untracked 
|   6|0x0000000603a00000, 0x0000000603a00000, 0x0000000603c00000|  0%| F|  |TAMS 0x0000000603a00000, 0x0000000603a00000| Untracked 
|   7|0x0000000603c00000, 0x0000000603c00000, 0x0000000603e00000|  0%| F|  |TAMS 0x0000000603c00000, 0x0000000603c00000| Untracked 
|   8|0x0000000603e00000, 0x0000000603e00000, 0x0000000604000000|  0%| F|  |TAMS 0x0000000603e00000, 0x0000000603e00000| Untracked 
|   9|0x0000000604000000, 0x0000000604000000, 0x0000000604200000|  0%| F|  |TAMS 0x0000000604000000, 0x0000000604000000| Untracked 
|  10|0x0000000604200000, 0x0000000604200000, 0x0000000604400000|  0%| F|  |TAMS 0x0000000604200000, 0x0000000604200000| Untracked 
|  11|0x0000000604400000, 0x0000000604400000, 0x0000000604600000|  0%| F|  |TAMS 0x0000000604400000, 0x0000000604400000| Untracked 
|  12|0x0000000604600000, 0x0000000604600000, 0x0000000604800000|  0%| F|  |TAMS 0x0000000604600000, 0x0000000604600000| Untracked 
|  13|0x0000000604800000, 0x0000000604800000, 0x0000000604a00000|  0%| F|  |TAMS 0x0000000604800000, 0x0000000604800000| Untracked 
|  14|0x0000000604a00000, 0x0000000604a00000, 0x0000000604c00000|  0%| F|  |TAMS 0x0000000604a00000, 0x0000000604a00000| Untracked 
|  15|0x0000000604c00000, 0x0000000604c00000, 0x0000000604e00000|  0%| F|  |TAMS 0x0000000604c00000, 0x0000000604c00000| Untracked 
|  16|0x0000000604e00000, 0x0000000604e00000, 0x0000000605000000|  0%| F|  |TAMS 0x0000000604e00000, 0x0000000604e00000| Untracked 
|  17|0x0000000605000000, 0x0000000605000000, 0x0000000605200000|  0%| F|  |TAMS 0x0000000605000000, 0x0000000605000000| Untracked 
|  18|0x0000000605200000, 0x0000000605200000, 0x0000000605400000|  0%| F|  |TAMS 0x0000000605200000, 0x0000000605200000| Untracked 
|  19|0x0000000605400000, 0x0000000605400000, 0x0000000605600000|  0%| F|  |TAMS 0x0000000605400000, 0x0000000605400000| Untracked 
|  20|0x0000000605600000, 0x0000000605600000, 0x0000000605800000|  0%| F|  |TAMS 0x0000000605600000, 0x0000000605600000| Untracked 
|  21|0x0000000605800000, 0x0000000605800000, 0x0000000605a00000|  0%| F|  |TAMS 0x0000000605800000, 0x0000000605800000| Untracked 
|  22|0x0000000605a00000, 0x0000000605a00000, 0x0000000605c00000|  0%| F|  |TAMS 0x0000000605a00000, 0x0000000605a00000| Untracked 
|  23|0x0000000605c00000, 0x0000000605c00000, 0x0000000605e00000|  0%| F|  |TAMS 0x0000000605c00000, 0x0000000605c00000| Untracked 
|  24|0x0000000605e00000, 0x0000000605e00000, 0x0000000606000000|  0%| F|  |TAMS 0x0000000605e00000, 0x0000000605e00000| Untracked 
|  25|0x0000000606000000, 0x0000000606000000, 0x0000000606200000|  0%| F|  |TAMS 0x0000000606000000, 0x0000000606000000| Untracked 
|  26|0x0000000606200000, 0x0000000606200000, 0x0000000606400000|  0%| F|  |TAMS 0x0000000606200000, 0x0000000606200000| Untracked 
|  27|0x0000000606400000, 0x0000000606400000, 0x0000000606600000|  0%| F|  |TAMS 0x0000000606400000, 0x0000000606400000| Untracked 
|  28|0x0000000606600000, 0x0000000606600000, 0x0000000606800000|  0%| F|  |TAMS 0x0000000606600000, 0x0000000606600000| Untracked 
|  29|0x0000000606800000, 0x0000000606800000, 0x0000000606a00000|  0%| F|  |TAMS 0x0000000606800000, 0x0000000606800000| Untracked 
|  30|0x0000000606a00000, 0x0000000606a00000, 0x0000000606c00000|  0%| F|  |TAMS 0x0000000606a00000, 0x0000000606a00000| Untracked 
|  31|0x0000000606c00000, 0x0000000606c00000, 0x0000000606e00000|  0%| F|  |TAMS 0x0000000606c00000, 0x0000000606c00000| Untracked 
|  32|0x0000000606e00000, 0x0000000606e00000, 0x0000000607000000|  0%| F|  |TAMS 0x0000000606e00000, 0x0000000606e00000| Untracked 
|  33|0x0000000607000000, 0x0000000607000000, 0x0000000607200000|  0%| F|  |TAMS 0x0000000607000000, 0x0000000607000000| Untracked 
|  34|0x0000000607200000, 0x0000000607200000, 0x0000000607400000|  0%| F|  |TAMS 0x0000000607200000, 0x0000000607200000| Untracked 
|  35|0x0000000607400000, 0x0000000607400000, 0x0000000607600000|  0%| F|  |TAMS 0x0000000607400000, 0x0000000607400000| Untracked 
|  36|0x0000000607600000, 0x0000000607600000, 0x0000000607800000|  0%| F|  |TAMS 0x0000000607600000, 0x0000000607600000| Untracked 
|  37|0x0000000607800000, 0x0000000607800000, 0x0000000607a00000|  0%| F|  |TAMS 0x0000000607800000, 0x0000000607800000| Untracked 
|  38|0x0000000607a00000, 0x0000000607a00000, 0x0000000607c00000|  0%| F|  |TAMS 0x0000000607a00000, 0x0000000607a00000| Untracked 
|  39|0x0000000607c00000, 0x0000000607c00000, 0x0000000607e00000|  0%| F|  |TAMS 0x0000000607c00000, 0x0000000607c00000| Untracked 
|  40|0x0000000607e00000, 0x0000000607e00000, 0x0000000608000000|  0%| F|  |TAMS 0x0000000607e00000, 0x0000000607e00000| Untracked 
|  41|0x0000000608000000, 0x0000000608000000, 0x0000000608200000|  0%| F|  |TAMS 0x0000000608000000, 0x0000000608000000| Untracked 
|  42|0x0000000608200000, 0x0000000608200000, 0x0000000608400000|  0%| F|  |TAMS 0x0000000608200000, 0x0000000608200000| Untracked 
|  43|0x0000000608400000, 0x0000000608400000, 0x0000000608600000|  0%| F|  |TAMS 0x0000000608400000, 0x0000000608400000| Untracked 
|  44|0x0000000608600000, 0x0000000608600000, 0x0000000608800000|  0%| F|  |TAMS 0x0000000608600000, 0x0000000608600000| Untracked 
|  45|0x0000000608800000, 0x0000000608800000, 0x0000000608a00000|  0%| F|  |TAMS 0x0000000608800000, 0x0000000608800000| Untracked 
|  46|0x0000000608a00000, 0x0000000608a00000, 0x0000000608c00000|  0%| F|  |TAMS 0x0000000608a00000, 0x0000000608a00000| Untracked 
|  47|0x0000000608c00000, 0x0000000608c00000, 0x0000000608e00000|  0%| F|  |TAMS 0x0000000608c00000, 0x0000000608c00000| Untracked 
|  48|0x0000000608e00000, 0x0000000608e00000, 0x0000000609000000|  0%| F|  |TAMS 0x0000000608e00000, 0x0000000608e00000| Untracked 
|  49|0x0000000609000000, 0x0000000609000000, 0x0000000609200000|  0%| F|  |TAMS 0x0000000609000000, 0x0000000609000000| Untracked 
|  50|0x0000000609200000, 0x0000000609200000, 0x0000000609400000|  0%| F|  |TAMS 0x0000000609200000, 0x0000000609200000| Untracked 
|  51|0x0000000609400000, 0x0000000609400000, 0x0000000609600000|  0%| F|  |TAMS 0x0000000609400000, 0x0000000609400000| Untracked 
|  52|0x0000000609600000, 0x0000000609600000, 0x0000000609800000|  0%| F|  |TAMS 0x0000000609600000, 0x0000000609600000| Untracked 
|  53|0x0000000609800000, 0x0000000609800000, 0x0000000609a00000|  0%| F|  |TAMS 0x0000000609800000, 0x0000000609800000| Untracked 
|  54|0x0000000609a00000, 0x0000000609a00000, 0x0000000609c00000|  0%| F|  |TAMS 0x0000000609a00000, 0x0000000609a00000| Untracked 
|  55|0x0000000609c00000, 0x0000000609c00000, 0x0000000609e00000|  0%| F|  |TAMS 0x0000000609c00000, 0x0000000609c00000| Untracked 
|  56|0x0000000609e00000, 0x0000000609e00000, 0x000000060a000000|  0%| F|  |TAMS 0x0000000609e00000, 0x0000000609e00000| Untracked 
|  57|0x000000060a000000, 0x000000060a000000, 0x000000060a200000|  0%| F|  |TAMS 0x000000060a000000, 0x000000060a000000| Untracked 
|  58|0x000000060a200000, 0x000000060a200000, 0x000000060a400000|  0%| F|  |TAMS 0x000000060a200000, 0x000000060a200000| Untracked 
|  59|0x000000060a400000, 0x000000060a400000, 0x000000060a600000|  0%| F|  |TAMS 0x000000060a400000, 0x000000060a400000| Untracked 
|  60|0x000000060a600000, 0x000000060a600000, 0x000000060a800000|  0%| F|  |TAMS 0x000000060a600000, 0x000000060a600000| Untracked 
|  61|0x000000060a800000, 0x000000060a800000, 0x000000060aa00000|  0%| F|  |TAMS 0x000000060a800000, 0x000000060a800000| Untracked 
|  62|0x000000060aa00000, 0x000000060aa00000, 0x000000060ac00000|  0%| F|  |TAMS 0x000000060aa00000, 0x000000060aa00000| Untracked 
|  63|0x000000060ac00000, 0x000000060ac00000, 0x000000060ae00000|  0%| F|  |TAMS 0x000000060ac00000, 0x000000060ac00000| Untracked 
|  64|0x000000060ae00000, 0x000000060ae00000, 0x000000060b000000|  0%| F|  |TAMS 0x000000060ae00000, 0x000000060ae00000| Untracked 
|  65|0x000000060b000000, 0x000000060b000000, 0x000000060b200000|  0%| F|  |TAMS 0x000000060b000000, 0x000000060b000000| Untracked 
|  66|0x000000060b200000, 0x000000060b200000, 0x000000060b400000|  0%| F|  |TAMS 0x000000060b200000, 0x000000060b200000| Untracked 
|  67|0x000000060b400000, 0x000000060b400000, 0x000000060b600000|  0%| F|  |TAMS 0x000000060b400000, 0x000000060b400000| Untracked 
|  68|0x000000060b600000, 0x000000060b600000, 0x000000060b800000|  0%| F|  |TAMS 0x000000060b600000, 0x000000060b600000| Untracked 
|  69|0x000000060b800000, 0x000000060b800000, 0x000000060ba00000|  0%| F|  |TAMS 0x000000060b800000, 0x000000060b800000| Untracked 
|  70|0x000000060ba00000, 0x000000060ba00000, 0x000000060bc00000|  0%| F|  |TAMS 0x000000060ba00000, 0x000000060ba00000| Untracked 
|  71|0x000000060bc00000, 0x000000060bc00000, 0x000000060be00000|  0%| F|  |TAMS 0x000000060bc00000, 0x000000060bc00000| Untracked 
|  72|0x000000060be00000, 0x000000060be00000, 0x000000060c000000|  0%| F|  |TAMS 0x000000060be00000, 0x000000060be00000| Untracked 
|  73|0x000000060c000000, 0x000000060c000000, 0x000000060c200000|  0%| F|  |TAMS 0x000000060c000000, 0x000000060c000000| Untracked 
|  74|0x000000060c200000, 0x000000060c200000, 0x000000060c400000|  0%| F|  |TAMS 0x000000060c200000, 0x000000060c200000| Untracked 
|  75|0x000000060c400000, 0x000000060c400000, 0x000000060c600000|  0%| F|  |TAMS 0x000000060c400000, 0x000000060c400000| Untracked 
|  76|0x000000060c600000, 0x000000060c600000, 0x000000060c800000|  0%| F|  |TAMS 0x000000060c600000, 0x000000060c600000| Untracked 
|  77|0x000000060c800000, 0x000000060c800000, 0x000000060ca00000|  0%| F|  |TAMS 0x000000060c800000, 0x000000060c800000| Untracked 
|  78|0x000000060ca00000, 0x000000060ca00000, 0x000000060cc00000|  0%| F|  |TAMS 0x000000060ca00000, 0x000000060ca00000| Untracked 
|  79|0x000000060cc00000, 0x000000060cc00000, 0x000000060ce00000|  0%| F|  |TAMS 0x000000060cc00000, 0x000000060cc00000| Untracked 
|  80|0x000000060ce00000, 0x000000060ce00000, 0x000000060d000000|  0%| F|  |TAMS 0x000000060ce00000, 0x000000060ce00000| Untracked 
|  81|0x000000060d000000, 0x000000060d000000, 0x000000060d200000|  0%| F|  |TAMS 0x000000060d000000, 0x000000060d000000| Untracked 
|  82|0x000000060d200000, 0x000000060d200000, 0x000000060d400000|  0%| F|  |TAMS 0x000000060d200000, 0x000000060d200000| Untracked 
|  83|0x000000060d400000, 0x000000060d400000, 0x000000060d600000|  0%| F|  |TAMS 0x000000060d400000, 0x000000060d400000| Untracked 
|  84|0x000000060d600000, 0x000000060d600000, 0x000000060d800000|  0%| F|  |TAMS 0x000000060d600000, 0x000000060d600000| Untracked 
|  85|0x000000060d800000, 0x000000060d800000, 0x000000060da00000|  0%| F|  |TAMS 0x000000060d800000, 0x000000060d800000| Untracked 
|  86|0x000000060da00000, 0x000000060da00000, 0x000000060dc00000|  0%| F|  |TAMS 0x000000060da00000, 0x000000060da00000| Untracked 
|  87|0x000000060dc00000, 0x000000060dc00000, 0x000000060de00000|  0%| F|  |TAMS 0x000000060dc00000, 0x000000060dc00000| Untracked 
|  88|0x000000060de00000, 0x000000060de00000, 0x000000060e000000|  0%| F|  |TAMS 0x000000060de00000, 0x000000060de00000| Untracked 
|  89|0x000000060e000000, 0x000000060e000000, 0x000000060e200000|  0%| F|  |TAMS 0x000000060e000000, 0x000000060e000000| Untracked 
|  90|0x000000060e200000, 0x000000060e200000, 0x000000060e400000|  0%| F|  |TAMS 0x000000060e200000, 0x000000060e200000| Untracked 
|  91|0x000000060e400000, 0x000000060e400000, 0x000000060e600000|  0%| F|  |TAMS 0x000000060e400000, 0x000000060e400000| Untracked 
|  92|0x000000060e600000, 0x000000060e600000, 0x000000060e800000|  0%| F|  |TAMS 0x000000060e600000, 0x000000060e600000| Untracked 
|  93|0x000000060e800000, 0x000000060e800000, 0x000000060ea00000|  0%| F|  |TAMS 0x000000060e800000, 0x000000060e800000| Untracked 
|  94|0x000000060ea00000, 0x000000060ea00000, 0x000000060ec00000|  0%| F|  |TAMS 0x000000060ea00000, 0x000000060ea00000| Untracked 
|  95|0x000000060ec00000, 0x000000060ec00000, 0x000000060ee00000|  0%| F|  |TAMS 0x000000060ec00000, 0x000000060ec00000| Untracked 
|  96|0x000000060ee00000, 0x000000060ee00000, 0x000000060f000000|  0%| F|  |TAMS 0x000000060ee00000, 0x000000060ee00000| Untracked 
|  97|0x000000060f000000, 0x000000060f000000, 0x000000060f200000|  0%| F|  |TAMS 0x000000060f000000, 0x000000060f000000| Untracked 
|  98|0x000000060f200000, 0x000000060f200000, 0x000000060f400000|  0%| F|  |TAMS 0x000000060f200000, 0x000000060f200000| Untracked 
|  99|0x000000060f400000, 0x000000060f400000, 0x000000060f600000|  0%| F|  |TAMS 0x000000060f400000, 0x000000060f400000| Untracked 
| 100|0x000000060f600000, 0x000000060f600000, 0x000000060f800000|  0%| F|  |TAMS 0x000000060f600000, 0x000000060f600000| Untracked 
| 101|0x000000060f800000, 0x000000060f800000, 0x000000060fa00000|  0%| F|  |TAMS 0x000000060f800000, 0x000000060f800000| Untracked 
| 102|0x000000060fa00000, 0x000000060fa00000, 0x000000060fc00000|  0%| F|  |TAMS 0x000000060fa00000, 0x000000060fa00000| Untracked 
| 103|0x000000060fc00000, 0x000000060fc00000, 0x000000060fe00000|  0%| F|  |TAMS 0x000000060fc00000, 0x000000060fc00000| Untracked 
| 104|0x000000060fe00000, 0x000000060fe00000, 0x0000000610000000|  0%| F|  |TAMS 0x000000060fe00000, 0x000000060fe00000| Untracked 
| 105|0x0000000610000000, 0x0000000610000000, 0x0000000610200000|  0%| F|  |TAMS 0x0000000610000000, 0x0000000610000000| Untracked 
| 106|0x0000000610200000, 0x0000000610200000, 0x0000000610400000|  0%| F|  |TAMS 0x0000000610200000, 0x0000000610200000| Untracked 
| 107|0x0000000610400000, 0x0000000610400000, 0x0000000610600000|  0%| F|  |TAMS 0x0000000610400000, 0x0000000610400000| Untracked 
| 108|0x0000000610600000, 0x0000000610600000, 0x0000000610800000|  0%| F|  |TAMS 0x0000000610600000, 0x0000000610600000| Untracked 
| 109|0x0000000610800000, 0x0000000610800000, 0x0000000610a00000|  0%| F|  |TAMS 0x0000000610800000, 0x0000000610800000| Untracked 
| 110|0x0000000610a00000, 0x0000000610a00000, 0x0000000610c00000|  0%| F|  |TAMS 0x0000000610a00000, 0x0000000610a00000| Untracked 
| 111|0x0000000610c00000, 0x0000000610c00000, 0x0000000610e00000|  0%| F|  |TAMS 0x0000000610c00000, 0x0000000610c00000| Untracked 
| 112|0x0000000610e00000, 0x0000000611000000, 0x0000000611000000|100%| S|  |TAMS 0x0000000610e00000, 0x0000000610e00000| Complete 
| 113|0x0000000611000000, 0x0000000611200000, 0x0000000611200000|100%| S|  |TAMS 0x0000000611000000, 0x0000000611000000| Complete 
| 114|0x0000000611200000, 0x0000000611400000, 0x0000000611400000|100%| S|  |TAMS 0x0000000611200000, 0x0000000611200000| Complete 
| 115|0x0000000611400000, 0x0000000611600000, 0x0000000611600000|100%| S|  |TAMS 0x0000000611400000, 0x0000000611400000| Complete 
| 116|0x0000000611600000, 0x0000000611800000, 0x0000000611800000|100%| S|  |TAMS 0x0000000611600000, 0x0000000611600000| Complete 
| 117|0x0000000611800000, 0x0000000611a00000, 0x0000000611a00000|100%| S|  |TAMS 0x0000000611800000, 0x0000000611800000| Complete 
| 118|0x0000000611a00000, 0x0000000611c00000, 0x0000000611c00000|100%| S|  |TAMS 0x0000000611a00000, 0x0000000611a00000| Complete 
| 119|0x0000000611c00000, 0x0000000611e00000, 0x0000000611e00000|100%| S|  |TAMS 0x0000000611c00000, 0x0000000611c00000| Complete 
| 120|0x0000000611e00000, 0x0000000612000000, 0x0000000612000000|100%| S|  |TAMS 0x0000000611e00000, 0x0000000611e00000| Complete 
| 121|0x0000000612000000, 0x0000000612200000, 0x0000000612200000|100%| S|  |TAMS 0x0000000612000000, 0x0000000612000000| Complete 
| 122|0x0000000612200000, 0x0000000612400000, 0x0000000612400000|100%| S|  |TAMS 0x0000000612200000, 0x0000000612200000| Complete 
| 123|0x0000000612400000, 0x0000000612600000, 0x0000000612600000|100%| E|CS|TAMS 0x0000000612400000, 0x0000000612400000| Complete 
| 124|0x0000000612600000, 0x0000000612800000, 0x0000000612800000|100%| E|CS|TAMS 0x0000000612600000, 0x0000000612600000| Complete 
| 125|0x0000000612800000, 0x0000000612a00000, 0x0000000612a00000|100%| E|CS|TAMS 0x0000000612800000, 0x0000000612800000| Complete 
| 126|0x0000000612a00000, 0x0000000612c00000, 0x0000000612c00000|100%| E|CS|TAMS 0x0000000612a00000, 0x0000000612a00000| Complete 
| 127|0x0000000612c00000, 0x0000000612e00000, 0x0000000612e00000|100%| E|CS|TAMS 0x0000000612c00000, 0x0000000612c00000| Complete 
| 128|0x0000000612e00000, 0x0000000613000000, 0x0000000613000000|100%| E|CS|TAMS 0x0000000612e00000, 0x0000000612e00000| Complete 
| 129|0x0000000613000000, 0x0000000613200000, 0x0000000613200000|100%| E|CS|TAMS 0x0000000613000000, 0x0000000613000000| Complete 
| 130|0x0000000613200000, 0x0000000613400000, 0x0000000613400000|100%| E|CS|TAMS 0x0000000613200000, 0x0000000613200000| Complete 
| 131|0x0000000613400000, 0x0000000613600000, 0x0000000613600000|100%| E|CS|TAMS 0x0000000613400000, 0x0000000613400000| Complete 
| 132|0x0000000613600000, 0x0000000613800000, 0x0000000613800000|100%| E|CS|TAMS 0x0000000613600000, 0x0000000613600000| Complete 
| 133|0x0000000613800000, 0x0000000613a00000, 0x0000000613a00000|100%| E|CS|TAMS 0x0000000613800000, 0x0000000613800000| Complete 
| 134|0x0000000613a00000, 0x0000000613c00000, 0x0000000613c00000|100%| E|CS|TAMS 0x0000000613a00000, 0x0000000613a00000| Complete 
| 135|0x0000000613c00000, 0x0000000613e00000, 0x0000000613e00000|100%| E|CS|TAMS 0x0000000613c00000, 0x0000000613c00000| Complete 
| 136|0x0000000613e00000, 0x0000000614000000, 0x0000000614000000|100%| E|CS|TAMS 0x0000000613e00000, 0x0000000613e00000| Complete 
| 137|0x0000000614000000, 0x0000000614200000, 0x0000000614200000|100%| E|CS|TAMS 0x0000000614000000, 0x0000000614000000| Complete 
| 138|0x0000000614200000, 0x0000000614400000, 0x0000000614400000|100%| E|CS|TAMS 0x0000000614200000, 0x0000000614200000| Complete 
| 139|0x0000000614400000, 0x0000000614600000, 0x0000000614600000|100%| E|CS|TAMS 0x0000000614400000, 0x0000000614400000| Complete 
| 140|0x0000000614600000, 0x0000000614800000, 0x0000000614800000|100%| E|CS|TAMS 0x0000000614600000, 0x0000000614600000| Complete 
| 141|0x0000000614800000, 0x0000000614a00000, 0x0000000614a00000|100%| E|CS|TAMS 0x0000000614800000, 0x0000000614800000| Complete 
| 142|0x0000000614a00000, 0x0000000614c00000, 0x0000000614c00000|100%| E|CS|TAMS 0x0000000614a00000, 0x0000000614a00000| Complete 
| 143|0x0000000614c00000, 0x0000000614e00000, 0x0000000614e00000|100%| E|CS|TAMS 0x0000000614c00000, 0x0000000614c00000| Complete 
| 144|0x0000000614e00000, 0x0000000615000000, 0x0000000615000000|100%| E|CS|TAMS 0x0000000614e00000, 0x0000000614e00000| Complete 
| 145|0x0000000615000000, 0x0000000615200000, 0x0000000615200000|100%| E|CS|TAMS 0x0000000615000000, 0x0000000615000000| Complete 
| 146|0x0000000615200000, 0x0000000615310e10, 0x0000000615400000| 53%| E|CS|TAMS 0x0000000615200000, 0x0000000615200000| Complete 
| 147|0x0000000615400000, 0x0000000615600000, 0x0000000615600000|100%| E|CS|TAMS 0x0000000615400000, 0x0000000615400000| Complete 
| 148|0x0000000615600000, 0x0000000615800000, 0x0000000615800000|100%| E|CS|TAMS 0x0000000615600000, 0x0000000615600000| Complete 
| 149|0x0000000615800000, 0x0000000615a00000, 0x0000000615a00000|100%| E|CS|TAMS 0x0000000615800000, 0x0000000615800000| Complete 
| 150|0x0000000615a00000, 0x0000000615c00000, 0x0000000615c00000|100%| E|CS|TAMS 0x0000000615a00000, 0x0000000615a00000| Complete 
| 151|0x0000000615c00000, 0x0000000615e00000, 0x0000000615e00000|100%| E|CS|TAMS 0x0000000615c00000, 0x0000000615c00000| Complete 
| 152|0x0000000615e00000, 0x0000000616000000, 0x0000000616000000|100%| E|CS|TAMS 0x0000000615e00000, 0x0000000615e00000| Complete 
| 153|0x0000000616000000, 0x0000000616200000, 0x0000000616200000|100%| E|CS|TAMS 0x0000000616000000, 0x0000000616000000| Complete 
| 154|0x0000000616200000, 0x0000000616400000, 0x0000000616400000|100%| E|CS|TAMS 0x0000000616200000, 0x0000000616200000| Complete 
| 155|0x0000000616400000, 0x0000000616600000, 0x0000000616600000|100%| E|CS|TAMS 0x0000000616400000, 0x0000000616400000| Complete 
| 156|0x0000000616600000, 0x0000000616800000, 0x0000000616800000|100%| E|CS|TAMS 0x0000000616600000, 0x0000000616600000| Complete 
| 157|0x0000000616800000, 0x0000000616a00000, 0x0000000616a00000|100%| E|CS|TAMS 0x0000000616800000, 0x0000000616800000| Complete 
| 158|0x0000000616a00000, 0x0000000616c00000, 0x0000000616c00000|100%| E|CS|TAMS 0x0000000616a00000, 0x0000000616a00000| Complete 
| 159|0x0000000616c00000, 0x0000000616e00000, 0x0000000616e00000|100%| E|CS|TAMS 0x0000000616c00000, 0x0000000616c00000| Complete 
| 160|0x0000000616e00000, 0x0000000617000000, 0x0000000617000000|100%| E|CS|TAMS 0x0000000616e00000, 0x0000000616e00000| Complete 
| 161|0x0000000617000000, 0x0000000617200000, 0x0000000617200000|100%| E|CS|TAMS 0x0000000617000000, 0x0000000617000000| Complete 
| 162|0x0000000617200000, 0x0000000617400000, 0x0000000617400000|100%| E|CS|TAMS 0x0000000617200000, 0x0000000617200000| Complete 
| 163|0x0000000617400000, 0x0000000617600000, 0x0000000617600000|100%| E|CS|TAMS 0x0000000617400000, 0x0000000617400000| Complete 
| 164|0x0000000617600000, 0x0000000617800000, 0x0000000617800000|100%| E|CS|TAMS 0x0000000617600000, 0x0000000617600000| Complete 
| 165|0x0000000617800000, 0x0000000617a00000, 0x0000000617a00000|100%| E|CS|TAMS 0x0000000617800000, 0x0000000617800000| Complete 
| 166|0x0000000617a00000, 0x0000000617c00000, 0x0000000617c00000|100%| E|CS|TAMS 0x0000000617a00000, 0x0000000617a00000| Complete 
| 167|0x0000000617c00000, 0x0000000617e00000, 0x0000000617e00000|100%| E|CS|TAMS 0x0000000617c00000, 0x0000000617c00000| Complete 
| 168|0x0000000617e00000, 0x0000000618000000, 0x0000000618000000|100%| E|CS|TAMS 0x0000000617e00000, 0x0000000617e00000| Complete 
| 169|0x0000000618000000, 0x0000000618200000, 0x0000000618200000|100%| E|CS|TAMS 0x0000000618000000, 0x0000000618000000| Complete 
| 170|0x0000000618200000, 0x0000000618400000, 0x0000000618400000|100%| E|CS|TAMS 0x0000000618200000, 0x0000000618200000| Complete 
| 171|0x0000000618400000, 0x0000000618600000, 0x0000000618600000|100%| E|CS|TAMS 0x0000000618400000, 0x0000000618400000| Complete 
| 172|0x0000000618600000, 0x0000000618800000, 0x0000000618800000|100%| E|CS|TAMS 0x0000000618600000, 0x0000000618600000| Complete 
| 173|0x0000000618800000, 0x0000000618a00000, 0x0000000618a00000|100%| E|CS|TAMS 0x0000000618800000, 0x0000000618800000| Complete 
| 174|0x0000000618a00000, 0x0000000618c00000, 0x0000000618c00000|100%| E|CS|TAMS 0x0000000618a00000, 0x0000000618a00000| Complete 
| 175|0x0000000618c00000, 0x0000000618e00000, 0x0000000618e00000|100%| E|CS|TAMS 0x0000000618c00000, 0x0000000618c00000| Complete 
| 176|0x0000000618e00000, 0x0000000619000000, 0x0000000619000000|100%| E|CS|TAMS 0x0000000618e00000, 0x0000000618e00000| Complete 
| 177|0x0000000619000000, 0x0000000619200000, 0x0000000619200000|100%| E|CS|TAMS 0x0000000619000000, 0x0000000619000000| Complete 
| 178|0x0000000619200000, 0x0000000619400000, 0x0000000619400000|100%| E|CS|TAMS 0x0000000619200000, 0x0000000619200000| Complete 
| 179|0x0000000619400000, 0x0000000619600000, 0x0000000619600000|100%| E|CS|TAMS 0x0000000619400000, 0x0000000619400000| Complete 
| 180|0x0000000619600000, 0x0000000619800000, 0x0000000619800000|100%| E|CS|TAMS 0x0000000619600000, 0x0000000619600000| Complete 
| 181|0x0000000619800000, 0x0000000619a00000, 0x0000000619a00000|100%| E|CS|TAMS 0x0000000619800000, 0x0000000619800000| Complete 
| 182|0x0000000619a00000, 0x0000000619c00000, 0x0000000619c00000|100%| E|CS|TAMS 0x0000000619a00000, 0x0000000619a00000| Complete 
| 183|0x0000000619c00000, 0x0000000619e00000, 0x0000000619e00000|100%| E|CS|TAMS 0x0000000619c00000, 0x0000000619c00000| Complete 
| 184|0x0000000619e00000, 0x000000061a000000, 0x000000061a000000|100%| E|CS|TAMS 0x0000000619e00000, 0x0000000619e00000| Complete 
| 185|0x000000061a000000, 0x000000061a200000, 0x000000061a200000|100%| E|CS|TAMS 0x000000061a000000, 0x000000061a000000| Complete 
| 186|0x000000061a200000, 0x000000061a400000, 0x000000061a400000|100%| E|CS|TAMS 0x000000061a200000, 0x000000061a200000| Complete 
| 187|0x000000061a400000, 0x000000061a600000, 0x000000061a600000|100%| E|CS|TAMS 0x000000061a400000, 0x000000061a400000| Complete 
| 188|0x000000061a600000, 0x000000061a800000, 0x000000061a800000|100%| E|CS|TAMS 0x000000061a600000, 0x000000061a600000| Complete 
| 189|0x000000061a800000, 0x000000061aa00000, 0x000000061aa00000|100%| E|CS|TAMS 0x000000061a800000, 0x000000061a800000| Complete 
| 190|0x000000061aa00000, 0x000000061ac00000, 0x000000061ac00000|100%| E|CS|TAMS 0x000000061aa00000, 0x000000061aa00000| Complete 
| 191|0x000000061ac00000, 0x000000061ae00000, 0x000000061ae00000|100%| E|CS|TAMS 0x000000061ac00000, 0x000000061ac00000| Complete 
| 192|0x000000061ae00000, 0x000000061b000000, 0x000000061b000000|100%| E|CS|TAMS 0x000000061ae00000, 0x000000061ae00000| Complete 
| 193|0x000000061b000000, 0x000000061b200000, 0x000000061b200000|100%| E|CS|TAMS 0x000000061b000000, 0x000000061b000000| Complete 
| 194|0x000000061b200000, 0x000000061b400000, 0x000000061b400000|100%| E|CS|TAMS 0x000000061b200000, 0x000000061b200000| Complete 
| 195|0x000000061b400000, 0x000000061b600000, 0x000000061b600000|100%| E|CS|TAMS 0x000000061b400000, 0x000000061b400000| Complete 
| 196|0x000000061b600000, 0x000000061b800000, 0x000000061b800000|100%| E|CS|TAMS 0x000000061b600000, 0x000000061b600000| Complete 
| 197|0x000000061b800000, 0x000000061ba00000, 0x000000061ba00000|100%| E|CS|TAMS 0x000000061b800000, 0x000000061b800000| Complete 
| 198|0x000000061ba00000, 0x000000061bc00000, 0x000000061bc00000|100%| E|CS|TAMS 0x000000061ba00000, 0x000000061ba00000| Complete 
| 199|0x000000061bc00000, 0x000000061be00000, 0x000000061be00000|100%| E|CS|TAMS 0x000000061bc00000, 0x000000061bc00000| Complete 
| 200|0x000000061be00000, 0x000000061c000000, 0x000000061c000000|100%| E|CS|TAMS 0x000000061be00000, 0x000000061be00000| Complete 
| 201|0x000000061c000000, 0x000000061c200000, 0x000000061c200000|100%| E|CS|TAMS 0x000000061c000000, 0x000000061c000000| Complete 
| 202|0x000000061c200000, 0x000000061c400000, 0x000000061c400000|100%| E|CS|TAMS 0x000000061c200000, 0x000000061c200000| Complete 
| 203|0x000000061c400000, 0x000000061c600000, 0x000000061c600000|100%| E|CS|TAMS 0x000000061c400000, 0x000000061c400000| Complete 
| 204|0x000000061c600000, 0x000000061c800000, 0x000000061c800000|100%| E|CS|TAMS 0x000000061c600000, 0x000000061c600000| Complete 
| 205|0x000000061c800000, 0x000000061ca00000, 0x000000061ca00000|100%| E|CS|TAMS 0x000000061c800000, 0x000000061c800000| Complete 
| 206|0x000000061ca00000, 0x000000061cc00000, 0x000000061cc00000|100%| E|CS|TAMS 0x000000061ca00000, 0x000000061ca00000| Complete 
| 207|0x000000061cc00000, 0x000000061ce00000, 0x000000061ce00000|100%| E|CS|TAMS 0x000000061cc00000, 0x000000061cc00000| Complete 
| 208|0x000000061ce00000, 0x000000061d000000, 0x000000061d000000|100%| E|CS|TAMS 0x000000061ce00000, 0x000000061ce00000| Complete 
| 209|0x000000061d000000, 0x000000061d200000, 0x000000061d200000|100%| E|CS|TAMS 0x000000061d000000, 0x000000061d000000| Complete 
| 210|0x000000061d200000, 0x000000061d400000, 0x000000061d400000|100%| E|CS|TAMS 0x000000061d200000, 0x000000061d200000| Complete 
| 211|0x000000061d400000, 0x000000061d600000, 0x000000061d600000|100%| E|CS|TAMS 0x000000061d400000, 0x000000061d400000| Complete 
| 212|0x000000061d600000, 0x000000061d800000, 0x000000061d800000|100%| E|CS|TAMS 0x000000061d600000, 0x000000061d600000| Complete 
| 213|0x000000061d800000, 0x000000061da00000, 0x000000061da00000|100%| E|CS|TAMS 0x000000061d800000, 0x000000061d800000| Complete 
| 214|0x000000061da00000, 0x000000061dc00000, 0x000000061dc00000|100%| E|CS|TAMS 0x000000061da00000, 0x000000061da00000| Complete 
| 215|0x000000061dc00000, 0x000000061de00000, 0x000000061de00000|100%| E|CS|TAMS 0x000000061dc00000, 0x000000061dc00000| Complete 
| 216|0x000000061de00000, 0x000000061e000000, 0x000000061e000000|100%| E|CS|TAMS 0x000000061de00000, 0x000000061de00000| Complete 
| 217|0x000000061e000000, 0x000000061e200000, 0x000000061e200000|100%| E|CS|TAMS 0x000000061e000000, 0x000000061e000000| Complete 
| 218|0x000000061e200000, 0x000000061e400000, 0x000000061e400000|100%| E|CS|TAMS 0x000000061e200000, 0x000000061e200000| Complete 
| 219|0x000000061e400000, 0x000000061e600000, 0x000000061e600000|100%| E|CS|TAMS 0x000000061e400000, 0x000000061e400000| Complete 
| 220|0x000000061e600000, 0x000000061e800000, 0x000000061e800000|100%| E|CS|TAMS 0x000000061e600000, 0x000000061e600000| Complete 
| 221|0x000000061e800000, 0x000000061ea00000, 0x000000061ea00000|100%| E|CS|TAMS 0x000000061e800000, 0x000000061e800000| Complete 
| 222|0x000000061ea00000, 0x000000061ec00000, 0x000000061ec00000|100%| E|CS|TAMS 0x000000061ea00000, 0x000000061ea00000| Complete 
| 223|0x000000061ec00000, 0x000000061ee00000, 0x000000061ee00000|100%| E|CS|TAMS 0x000000061ec00000, 0x000000061ec00000| Complete 
| 224|0x000000061ee00000, 0x000000061f000000, 0x000000061f000000|100%| E|CS|TAMS 0x000000061ee00000, 0x000000061ee00000| Complete 
| 225|0x000000061f000000, 0x000000061f200000, 0x000000061f200000|100%| E|CS|TAMS 0x000000061f000000, 0x000000061f000000| Complete 
| 226|0x000000061f200000, 0x000000061f400000, 0x000000061f400000|100%| E|CS|TAMS 0x000000061f200000, 0x000000061f200000| Complete 
| 227|0x000000061f400000, 0x000000061f600000, 0x000000061f600000|100%| E|CS|TAMS 0x000000061f400000, 0x000000061f400000| Complete 
| 228|0x000000061f600000, 0x000000061f800000, 0x000000061f800000|100%| E|CS|TAMS 0x000000061f600000, 0x000000061f600000| Complete 
| 229|0x000000061f800000, 0x000000061fa00000, 0x000000061fa00000|100%| E|CS|TAMS 0x000000061f800000, 0x000000061f800000| Complete 
| 230|0x000000061fa00000, 0x000000061fc00000, 0x000000061fc00000|100%| E|CS|TAMS 0x000000061fa00000, 0x000000061fa00000| Complete 
| 231|0x000000061fc00000, 0x000000061fe00000, 0x000000061fe00000|100%| E|CS|TAMS 0x000000061fc00000, 0x000000061fc00000| Complete 
| 232|0x000000061fe00000, 0x0000000620000000, 0x0000000620000000|100%| E|CS|TAMS 0x000000061fe00000, 0x000000061fe00000| Complete 
| 233|0x0000000620000000, 0x0000000620200000, 0x0000000620200000|100%| E|CS|TAMS 0x0000000620000000, 0x0000000620000000| Complete 
| 234|0x0000000620200000, 0x0000000620400000, 0x0000000620400000|100%| E|CS|TAMS 0x0000000620200000, 0x0000000620200000| Complete 
| 235|0x0000000620400000, 0x0000000620600000, 0x0000000620600000|100%| E|CS|TAMS 0x0000000620400000, 0x0000000620400000| Complete 
| 236|0x0000000620600000, 0x0000000620800000, 0x0000000620800000|100%| E|CS|TAMS 0x0000000620600000, 0x0000000620600000| Complete 
| 237|0x0000000620800000, 0x0000000620a00000, 0x0000000620a00000|100%| E|CS|TAMS 0x0000000620800000, 0x0000000620800000| Complete 
| 238|0x0000000620a00000, 0x0000000620c00000, 0x0000000620c00000|100%| E|CS|TAMS 0x0000000620a00000, 0x0000000620a00000| Complete 
| 239|0x0000000620c00000, 0x0000000620e00000, 0x0000000620e00000|100%| E|CS|TAMS 0x0000000620c00000, 0x0000000620c00000| Complete 
| 240|0x0000000620e00000, 0x0000000621000000, 0x0000000621000000|100%| E|CS|TAMS 0x0000000620e00000, 0x0000000620e00000| Complete 
| 241|0x0000000621000000, 0x0000000621200000, 0x0000000621200000|100%| E|CS|TAMS 0x0000000621000000, 0x0000000621000000| Complete 
| 242|0x0000000621200000, 0x0000000621400000, 0x0000000621400000|100%| E|CS|TAMS 0x0000000621200000, 0x0000000621200000| Complete 
| 243|0x0000000621400000, 0x0000000621600000, 0x0000000621600000|100%| E|CS|TAMS 0x0000000621400000, 0x0000000621400000| Complete 
| 244|0x0000000621600000, 0x0000000621800000, 0x0000000621800000|100%| E|CS|TAMS 0x0000000621600000, 0x0000000621600000| Complete 
| 245|0x0000000621800000, 0x0000000621a00000, 0x0000000621a00000|100%| E|CS|TAMS 0x0000000621800000, 0x0000000621800000| Complete 
| 246|0x0000000621a00000, 0x0000000621c00000, 0x0000000621c00000|100%| E|CS|TAMS 0x0000000621a00000, 0x0000000621a00000| Complete 
| 247|0x0000000621c00000, 0x0000000621e00000, 0x0000000621e00000|100%| E|CS|TAMS 0x0000000621c00000, 0x0000000621c00000| Complete 
| 248|0x0000000621e00000, 0x0000000622000000, 0x0000000622000000|100%| E|CS|TAMS 0x0000000621e00000, 0x0000000621e00000| Complete 
| 249|0x0000000622000000, 0x0000000622200000, 0x0000000622200000|100%| E|CS|TAMS 0x0000000622000000, 0x0000000622000000| Complete 
| 250|0x0000000622200000, 0x0000000622400000, 0x0000000622400000|100%| E|CS|TAMS 0x0000000622200000, 0x0000000622200000| Complete 
| 251|0x0000000622400000, 0x0000000622600000, 0x0000000622600000|100%| E|CS|TAMS 0x0000000622400000, 0x0000000622400000| Complete 
| 252|0x0000000622600000, 0x0000000622800000, 0x0000000622800000|100%| E|CS|TAMS 0x0000000622600000, 0x0000000622600000| Complete 
| 253|0x0000000622800000, 0x0000000622a00000, 0x0000000622a00000|100%| E|CS|TAMS 0x0000000622800000, 0x0000000622800000| Complete 
| 254|0x0000000622a00000, 0x0000000622c00000, 0x0000000622c00000|100%| E|CS|TAMS 0x0000000622a00000, 0x0000000622a00000| Complete 
| 255|0x0000000622c00000, 0x0000000622e00000, 0x0000000622e00000|100%| E|CS|TAMS 0x0000000622c00000, 0x0000000622c00000| Complete 
| 256|0x0000000622e00000, 0x0000000623000000, 0x0000000623000000|100%| E|CS|TAMS 0x0000000622e00000, 0x0000000622e00000| Complete 
| 257|0x0000000623000000, 0x0000000623200000, 0x0000000623200000|100%| E|CS|TAMS 0x0000000623000000, 0x0000000623000000| Complete 
| 258|0x0000000623200000, 0x0000000623400000, 0x0000000623400000|100%| E|CS|TAMS 0x0000000623200000, 0x0000000623200000| Complete 
| 259|0x0000000623400000, 0x0000000623600000, 0x0000000623600000|100%| E|CS|TAMS 0x0000000623400000, 0x0000000623400000| Complete 
| 260|0x0000000623600000, 0x0000000623800000, 0x0000000623800000|100%| E|CS|TAMS 0x0000000623600000, 0x0000000623600000| Complete 
| 261|0x0000000623800000, 0x0000000623a00000, 0x0000000623a00000|100%| E|CS|TAMS 0x0000000623800000, 0x0000000623800000| Complete 
| 262|0x0000000623a00000, 0x0000000623c00000, 0x0000000623c00000|100%| E|CS|TAMS 0x0000000623a00000, 0x0000000623a00000| Complete 
| 263|0x0000000623c00000, 0x0000000623e00000, 0x0000000623e00000|100%| E|CS|TAMS 0x0000000623c00000, 0x0000000623c00000| Complete 
| 264|0x0000000623e00000, 0x0000000624000000, 0x0000000624000000|100%| E|CS|TAMS 0x0000000623e00000, 0x0000000623e00000| Complete 
| 265|0x0000000624000000, 0x0000000624200000, 0x0000000624200000|100%| E|CS|TAMS 0x0000000624000000, 0x0000000624000000| Complete 
| 266|0x0000000624200000, 0x0000000624400000, 0x0000000624400000|100%| E|CS|TAMS 0x0000000624200000, 0x0000000624200000| Complete 
| 267|0x0000000624400000, 0x0000000624600000, 0x0000000624600000|100%| E|CS|TAMS 0x0000000624400000, 0x0000000624400000| Complete 
| 268|0x0000000624600000, 0x0000000624800000, 0x0000000624800000|100%| E|CS|TAMS 0x0000000624600000, 0x0000000624600000| Complete 
| 269|0x0000000624800000, 0x0000000624a00000, 0x0000000624a00000|100%| E|CS|TAMS 0x0000000624800000, 0x0000000624800000| Complete 
| 270|0x0000000624a00000, 0x0000000624c00000, 0x0000000624c00000|100%| E|CS|TAMS 0x0000000624a00000, 0x0000000624a00000| Complete 
| 271|0x0000000624c00000, 0x0000000624e00000, 0x0000000624e00000|100%| E|CS|TAMS 0x0000000624c00000, 0x0000000624c00000| Complete 
| 272|0x0000000624e00000, 0x0000000625000000, 0x0000000625000000|100%| E|CS|TAMS 0x0000000624e00000, 0x0000000624e00000| Complete 
| 273|0x0000000625000000, 0x0000000625200000, 0x0000000625200000|100%| E|CS|TAMS 0x0000000625000000, 0x0000000625000000| Complete 
| 274|0x0000000625200000, 0x0000000625400000, 0x0000000625400000|100%| E|CS|TAMS 0x0000000625200000, 0x0000000625200000| Complete 
| 275|0x0000000625400000, 0x0000000625600000, 0x0000000625600000|100%| E|CS|TAMS 0x0000000625400000, 0x0000000625400000| Complete 
| 276|0x0000000625600000, 0x0000000625800000, 0x0000000625800000|100%| E|CS|TAMS 0x0000000625600000, 0x0000000625600000| Complete 
| 277|0x0000000625800000, 0x0000000625a00000, 0x0000000625a00000|100%| E|CS|TAMS 0x0000000625800000, 0x0000000625800000| Complete 
| 278|0x0000000625a00000, 0x0000000625c00000, 0x0000000625c00000|100%| E|CS|TAMS 0x0000000625a00000, 0x0000000625a00000| Complete 
| 279|0x0000000625c00000, 0x0000000625e00000, 0x0000000625e00000|100%| E|CS|TAMS 0x0000000625c00000, 0x0000000625c00000| Complete 
| 280|0x0000000625e00000, 0x0000000626000000, 0x0000000626000000|100%| E|CS|TAMS 0x0000000625e00000, 0x0000000625e00000| Complete 
| 281|0x0000000626000000, 0x0000000626200000, 0x0000000626200000|100%| E|CS|TAMS 0x0000000626000000, 0x0000000626000000| Complete 
| 282|0x0000000626200000, 0x0000000626400000, 0x0000000626400000|100%| E|CS|TAMS 0x0000000626200000, 0x0000000626200000| Complete 
| 283|0x0000000626400000, 0x0000000626600000, 0x0000000626600000|100%| E|CS|TAMS 0x0000000626400000, 0x0000000626400000| Complete 
| 284|0x0000000626600000, 0x0000000626800000, 0x0000000626800000|100%| E|CS|TAMS 0x0000000626600000, 0x0000000626600000| Complete 
| 285|0x0000000626800000, 0x0000000626a00000, 0x0000000626a00000|100%| E|CS|TAMS 0x0000000626800000, 0x0000000626800000| Complete 
| 286|0x0000000626a00000, 0x0000000626c00000, 0x0000000626c00000|100%| E|CS|TAMS 0x0000000626a00000, 0x0000000626a00000| Complete 
| 287|0x0000000626c00000, 0x0000000626e00000, 0x0000000626e00000|100%| E|CS|TAMS 0x0000000626c00000, 0x0000000626c00000| Complete 
| 288|0x0000000626e00000, 0x0000000627000000, 0x0000000627000000|100%| E|CS|TAMS 0x0000000626e00000, 0x0000000626e00000| Complete 
| 289|0x0000000627000000, 0x0000000627200000, 0x0000000627200000|100%| E|CS|TAMS 0x0000000627000000, 0x0000000627000000| Complete 
| 290|0x0000000627200000, 0x0000000627400000, 0x0000000627400000|100%| E|CS|TAMS 0x0000000627200000, 0x0000000627200000| Complete 
| 291|0x0000000627400000, 0x0000000627600000, 0x0000000627600000|100%| E|CS|TAMS 0x0000000627400000, 0x0000000627400000| Complete 
| 292|0x0000000627600000, 0x0000000627800000, 0x0000000627800000|100%| E|CS|TAMS 0x0000000627600000, 0x0000000627600000| Complete 
| 293|0x0000000627800000, 0x0000000627a00000, 0x0000000627a00000|100%| E|CS|TAMS 0x0000000627800000, 0x0000000627800000| Complete 
| 294|0x0000000627a00000, 0x0000000627c00000, 0x0000000627c00000|100%| E|CS|TAMS 0x0000000627a00000, 0x0000000627a00000| Complete 
| 295|0x0000000627c00000, 0x0000000627e00000, 0x0000000627e00000|100%| E|CS|TAMS 0x0000000627c00000, 0x0000000627c00000| Complete 
| 296|0x0000000627e00000, 0x0000000628000000, 0x0000000628000000|100%| E|CS|TAMS 0x0000000627e00000, 0x0000000627e00000| Complete 
| 297|0x0000000628000000, 0x0000000628200000, 0x0000000628200000|100%| E|CS|TAMS 0x0000000628000000, 0x0000000628000000| Complete 
| 298|0x0000000628200000, 0x0000000628400000, 0x0000000628400000|100%| E|CS|TAMS 0x0000000628200000, 0x0000000628200000| Complete 
| 299|0x0000000628400000, 0x0000000628600000, 0x0000000628600000|100%| E|CS|TAMS 0x0000000628400000, 0x0000000628400000| Complete 
| 300|0x0000000628600000, 0x0000000628800000, 0x0000000628800000|100%| E|CS|TAMS 0x0000000628600000, 0x0000000628600000| Complete 
| 301|0x0000000628800000, 0x0000000628a00000, 0x0000000628a00000|100%| E|CS|TAMS 0x0000000628800000, 0x0000000628800000| Complete 
| 302|0x0000000628a00000, 0x0000000628c00000, 0x0000000628c00000|100%| E|CS|TAMS 0x0000000628a00000, 0x0000000628a00000| Complete 
| 303|0x0000000628c00000, 0x0000000628e00000, 0x0000000628e00000|100%| E|CS|TAMS 0x0000000628c00000, 0x0000000628c00000| Complete 
| 304|0x0000000628e00000, 0x0000000629000000, 0x0000000629000000|100%| E|CS|TAMS 0x0000000628e00000, 0x0000000628e00000| Complete 
| 305|0x0000000629000000, 0x0000000629200000, 0x0000000629200000|100%| E|CS|TAMS 0x0000000629000000, 0x0000000629000000| Complete 

Card table byte_map: [0x000001e26f450000,0x000001e270440000] _byte_map_base: 0x000001e26c439000

Marking Bits (Prev, Next): (CMBitMap*) 0x000001e25b591510, (CMBitMap*) 0x000001e25b5914d8
 Prev Bits: [0x000001e200000000, 0x000001e207f48000)
 Next Bits: [0x000001e271430000, 0x000001e279378000)

Polling page: 0x000001e259520000

Metaspace:

Usage:
  Non-class:     56.83 MB capacity,    55.54 MB ( 98%) used,     1.05 MB (  2%) free+waste,   235.94 KB ( <1%) overhead. 
      Class:      9.14 MB capacity,     8.38 MB ( 92%) used,   665.00 KB (  7%) free+waste,   114.69 KB (  1%) overhead. 
       Both:     65.97 MB capacity,    63.92 MB ( 97%) used,     1.70 MB (  3%) free+waste,   350.63 KB ( <1%) overhead. 

Virtual space:
  Non-class space:       58.00 MB reserved,      56.92 MB ( 98%) committed 
      Class space:        1.00 GB reserved,       9.25 MB ( <1%) committed 
             Both:        1.06 GB reserved,      66.17 MB (  6%) committed 

Chunk freelists:
   Non-Class:  35.00 KB
       Class:  12.00 KB
        Both:  47.00 KB

MaxMetaspaceSize: 17179869184.00 GB
CompressedClassSpaceSize: 1.00 GB

CodeHeap 'non-profiled nmethods': size=238336Kb used=12313Kb max_used=12313Kb free=226022Kb
 bounds [0x000001e25f870000, 0x000001e260480000, 0x000001e26e130000]
CodeHeap 'non-nmethods': size=7424Kb used=1274Kb max_used=1274Kb free=6150Kb
 bounds [0x000001e25f130000, 0x000001e25f3a0000, 0x000001e25f870000]
 total_blobs=8245 nmethods=7598 adapters=572
 compilation: enabled
              stopped_count=0, restarted_count=0
 full_count=0

Compilation events (20 events):
Event: 641.610 Thread 0x000001e27c8cd800 7589       1       org.apache.tomcat.util.buf.AbstractChunk::getStart (5 bytes)
Event: 641.610 Thread 0x000001e27c8cd800 nmethod 7589 0x000001e26046ef10 code [0x000001e26046f0c0, 0x000001e26046f178]
Event: 641.612 Thread 0x000001e27c8cd800 7590       1       org.springframework.core.annotation.TypeMappedAnnotations$AggregatesSpliterator::characteristics (4 bytes)
Event: 641.612 Thread 0x000001e27c8cd800 nmethod 7590 0x000001e26046f210 code [0x000001e26046f3c0, 0x000001e26046f478]
Event: 641.612 Thread 0x000001e27c8cd800 7591       1       javax.servlet.ServletRequestWrapper::getAttribute (11 bytes)
Event: 641.612 Thread 0x000001e27c8cd800 nmethod 7591 0x000001e26046f510 code [0x000001e26046f6c0, 0x000001e26046f7a8]
Event: 641.614 Thread 0x000001e27c8cd800 7592       1       com.sun.crypto.provider.AESCrypt::isKeySizeValid (29 bytes)
Event: 641.614 Thread 0x000001e27c8cd800 nmethod 7592 0x000001e26046f810 code [0x000001e26046f9c0, 0x000001e26046fad8]
Event: 644.068 Thread 0x000001e27c8cd800 7593       1       org.postgresql.core.QueryExecutorBase::isColumnSanitiserDisabled (5 bytes)
Event: 644.069 Thread 0x000001e27c8cd800 nmethod 7593 0x000001e26046fb90 code [0x000001e26046fd40, 0x000001e26046fdf8]
Event: 645.719 Thread 0x000001e27c8cd800 7594       1       java.util.Collections$EmptyMap::size (2 bytes)
Event: 645.719 Thread 0x000001e27c8cd800 nmethod 7594 0x000001e26046fe90 code [0x000001e260470040, 0x000001e2604700f8]
Event: 645.719 Thread 0x000001e27c8cd800 7595       1       java.text.SimpleDateFormat::subFormat (1260 bytes)
Event: 645.727 Thread 0x000001e27c8cd800 nmethod 7595 0x000001e260470190 code [0x000001e260470780, 0x000001e260473c08]
Event: 645.727 Thread 0x000001e27c8cd800 7596       1       org.hibernate.engine.spi.SharedSessionContractImplementor::checkOpen (8 bytes)
Event: 645.727 Thread 0x000001e27c8cd800 nmethod 7596 0x000001e260475a10 code [0x000001e260475bc0, 0x000001e260475ca8]
Event: 645.794 Thread 0x000001e27c8cd800 7597       1       org.apache.catalina.core.StandardWrapper::getServlet (5 bytes)
Event: 645.794 Thread 0x000001e27c8cd800 nmethod 7597 0x000001e260475d10 code [0x000001e260475ec0, 0x000001e260475f78]
Event: 785.815 Thread 0x000001e27c8cd800 7598   !   1       org.apache.catalina.core.StandardContext::getLoader (38 bytes)
Event: 785.816 Thread 0x000001e27c8cd800 nmethod 7598 0x000001e260476010 code [0x000001e260476200, 0x000001e2604764b8]

GC Heap History (17 events):
Event: 0.976 GC heap before
{Heap before GC invocations=0 (full 0):
 garbage-first heap   total 522240K, used 24576K [0x0000000602e00000, 0x0000000800000000)
  region size 2048K, 12 young (24576K), 0 survivors (0K)
 Metaspace       used 10299K, capacity 10428K, committed 10624K, reserved 1058816K
  class space    used 1015K, capacity 1074K, committed 1152K, reserved 1048576K
}
Event: 0.982 GC heap after
{Heap after GC invocations=1 (full 0):
 garbage-first heap   total 522240K, used 6587K [0x0000000602e00000, 0x0000000800000000)
  region size 2048K, 2 young (4096K), 2 survivors (4096K)
 Metaspace       used 10299K, capacity 10428K, committed 10624K, reserved 1058816K
  class space    used 1015K, capacity 1074K, committed 1152K, reserved 1048576K
}
Event: 2.253 GC heap before
{Heap before GC invocations=1 (full 0):
 garbage-first heap   total 522240K, used 106939K [0x0000000602e00000, 0x0000000800000000)
  region size 2048K, 53 young (108544K), 2 survivors (4096K)
 Metaspace       used 20586K, capacity 21158K, committed 21296K, reserved 1069056K
  class space    used 2377K, capacity 2607K, committed 2688K, reserved 1048576K
}
Event: 2.268 GC heap after
{Heap after GC invocations=2 (full 0):
 garbage-first heap   total 522240K, used 9736K [0x0000000602e00000, 0x0000000800000000)
  region size 2048K, 4 young (8192K), 4 survivors (8192K)
 Metaspace       used 20586K, capacity 21158K, committed 21296K, reserved 1069056K
  class space    used 2377K, capacity 2607K, committed 2688K, reserved 1048576K
}
Event: 2.772 GC heap before
{Heap before GC invocations=3 (full 0):
 garbage-first heap   total 522240K, used 110088K [0x0000000602e00000, 0x0000000800000000)
  region size 2048K, 54 young (110592K), 4 survivors (8192K)
 Metaspace       used 22060K, capacity 22761K, committed 23088K, reserved 1069056K
  class space    used 2584K, capacity 2843K, committed 2944K, reserved 1048576K
}
Event: 2.781 GC heap after
{Heap after GC invocations=4 (full 0):
 garbage-first heap   total 522240K, used 11281K [0x0000000602e00000, 0x0000000800000000)
  region size 2048K, 5 young (10240K), 5 survivors (10240K)
 Metaspace       used 22060K, capacity 22761K, committed 23088K, reserved 1069056K
  class space    used 2584K, capacity 2843K, committed 2944K, reserved 1048576K
}
Event: 3.121 GC heap before
{Heap before GC invocations=4 (full 0):
 garbage-first heap   total 522240K, used 134161K [0x0000000602e00000, 0x0000000800000000)
  region size 2048K, 65 young (133120K), 5 survivors (10240K)
 Metaspace       used 22320K, capacity 23039K, committed 23344K, reserved 1069056K
  class space    used 2628K, capacity 2888K, committed 2944K, reserved 1048576K
}
Event: 3.131 GC heap after
{Heap after GC invocations=5 (full 0):
 garbage-first heap   total 522240K, used 11955K [0x0000000602e00000, 0x0000000800000000)
  region size 2048K, 5 young (10240K), 5 survivors (10240K)
 Metaspace       used 22320K, capacity 23039K, committed 23344K, reserved 1069056K
  class space    used 2628K, capacity 2888K, committed 2944K, reserved 1048576K
}
Event: 5.982 GC heap before
{Heap before GC invocations=5 (full 0):
 garbage-first heap   total 522240K, used 224947K [0x0000000602e00000, 0x0000000800000000)
  region size 2048K, 111 young (227328K), 5 survivors (10240K)
 Metaspace       used 34608K, capacity 35761K, committed 35888K, reserved 1081344K
  class space    used 4279K, capacity 4733K, committed 4736K, reserved 1048576K
}
Event: 6.024 GC heap after
{Heap after GC invocations=6 (full 0):
 garbage-first heap   total 626688K, used 17838K [0x0000000602e00000, 0x0000000800000000)
  region size 2048K, 8 young (16384K), 8 survivors (16384K)
 Metaspace       used 34608K, capacity 35761K, committed 35888K, reserved 1081344K
  class space    used 4279K, capacity 4733K, committed 4736K, reserved 1048576K
}
Event: 29.757 GC heap before
{Heap before GC invocations=7 (full 0):
 garbage-first heap   total 626688K, used 300462K [0x0000000602e00000, 0x0000000800000000)
  region size 2048K, 147 young (301056K), 8 survivors (16384K)
 Metaspace       used 57872K, capacity 59476K, committed 59568K, reserved 1101824K
  class space    used 7550K, capacity 8169K, committed 8192K, reserved 1048576K
}
Event: 29.787 GC heap after
{Heap after GC invocations=8 (full 0):
 garbage-first heap   total 626688K, used 26468K [0x0000000602e00000, 0x0000000800000000)
  region size 2048K, 12 young (24576K), 12 survivors (24576K)
 Metaspace       used 57872K, capacity 59476K, committed 59568K, reserved 1101824K
  class space    used 7550K, capacity 8169K, committed 8192K, reserved 1048576K
}
Event: 29.864 GC heap before
{Heap before GC invocations=8 (full 0):
 garbage-first heap   total 626688K, used 34660K [0x0000000602e00000, 0x0000000800000000)
  region size 2048K, 17 young (34816K), 12 survivors (24576K)
 Metaspace       used 58182K, capacity 59782K, committed 59952K, reserved 1101824K
  class space    used 7581K, capacity 8205K, committed 8320K, reserved 1048576K
}
Event: 29.915 GC heap after
{Heap after GC invocations=9 (full 0):
 garbage-first heap   total 626688K, used 28026K [0x0000000602e00000, 0x0000000800000000)
  region size 2048K, 13 young (26624K), 13 survivors (26624K)
 Metaspace       used 58182K, capacity 59782K, committed 59952K, reserved 1101824K
  class space    used 7581K, capacity 8205K, committed 8320K, reserved 1048576K
}
Event: 58.805 GC heap before
{Heap before GC invocations=10 (full 0):
 garbage-first heap   total 626688K, used 304506K [0x0000000602e00000, 0x0000000800000000)
  region size 2048K, 148 young (303104K), 13 survivors (26624K)
 Metaspace       used 65083K, capacity 67125K, committed 67376K, reserved 1107968K
  class space    used 8525K, capacity 9329K, committed 9344K, reserved 1048576K
}
Event: 58.838 GC heap after
{Heap after GC invocations=11 (full 0):
 garbage-first heap   total 626688K, used 32342K [0x0000000602e00000, 0x0000000800000000)
  region size 2048K, 12 young (24576K), 12 survivors (24576K)
 Metaspace       used 65083K, capacity 67125K, committed 67376K, reserved 1107968K
  class space    used 8525K, capacity 9329K, committed 9344K, reserved 1048576K
}
Event: 824.065 GC heap before
{Heap before GC invocations=11 (full 0):
 garbage-first heap   total 626688K, used 382550K [0x0000000602e00000, 0x0000000800000000)
  region size 2048K, 183 young (374784K), 12 survivors (24576K)
 Metaspace       used 65459K, capacity 67553K, committed 67760K, reserved 1107968K
  class space    used 8584K, capacity 9364K, committed 9472K, reserved 1048576K
}

Deoptimization events (6 events):
Event: 3.368 Thread 0x000001e27d76e800 DEOPT PACKING pc=0x000001e25fb0242c sp=0x000000cb51dfd100
Event: 3.368 Thread 0x000001e27d76e800 DEOPT UNPACKING pc=0x000001e25f15705e sp=0x000000cb51dfc668 mode 0
Event: 31.902 Thread 0x000001e27d76e800 DEOPT PACKING pc=0x000001e25fb6cafb sp=0x000000cb51dfd310
Event: 31.902 Thread 0x000001e27d76e800 DEOPT UNPACKING pc=0x000001e25f15705e sp=0x000000cb51dfc818 mode 3
Event: 31.903 Thread 0x000001e27d76e800 DEOPT PACKING pc=0x000001e25fb64f5d sp=0x000000cb51dfd2e0
Event: 31.903 Thread 0x000001e27d76e800 DEOPT UNPACKING pc=0x000001e25f15705e sp=0x000000cb51dfc818 mode 3

Classes redefined (0 events):
No events

Internal exceptions (20 events):
Event: 30.038 Thread 0x000001e27d76e800 Exception <a 'java/lang/ClassNotFoundException'{0x0000000628877668}: org/springframework/beans/factory/AwareCustomizer> (0x0000000628877668) thrown at [./src/hotspot/share/classfile/systemDictionary.cpp, line 231]
Event: 30.038 Thread 0x000001e27d76e800 Exception <a 'java/lang/ClassNotFoundException'{0x000000062888b488}: org/springframework/web/context/ServletContextAwareCustomizer> (0x000000062888b488) thrown at [./src/hotspot/share/classfile/systemDictionary.cpp, line 231]
Event: 30.039 Thread 0x000001e27d76e800 Exception <a 'java/lang/ClassNotFoundException'{0x000000062889e370}: org/springframework/beans/factory/AwareCustomizer> (0x000000062889e370) thrown at [./src/hotspot/share/classfile/systemDictionary.cpp, line 231]
Event: 30.291 Thread 0x000001e27d76e800 Exception <a 'java/lang/NoSuchMethodError'{0x000000062628fd38}: 'void java.lang.invoke.DirectMethodHandle$Holder.invokeVirtual(java.lang.Object, java.lang.Object, int)'> (0x000000062628fd38) thrown at [./src/hotspot/share/interpreter/linkResolver.cpp, line 773]
Event: 30.533 Thread 0x000001e27d76e800 Exception <a 'java/lang/IncompatibleClassChangeError'{0x00000006258e5130}: Found class java.lang.Object, but interface was expected> (0x00000006258e5130) thrown at [./src/hotspot/share/interpreter/linkResolver.cpp, line 839]
Event: 31.318 Thread 0x000001e27d76e800 Exception <a 'java/lang/NoSuchMethodError'{0x0000000619a1d670}: 'java.lang.Object java.lang.invoke.DirectMethodHandle$Holder.invokeSpecial(java.lang.Object, java.lang.Object, java.lang.Object, java.lang.Object, java.lang.Object, java.lang.Object, java.lang.Object, java.lang.Object, java.lang.Object, java.lang.Object)'> (0x0000000619a1d670) thrown at [./src/hotspot/share/interpreter/linkResolver.cpp, line 773]
Event: 31.318 Thread 0x000001e27d76e800 Exception <a 'java/lang/NoSuchMethodError'{0x0000000619a21ae8}: 'java.lang.Object java.lang.invoke.Invokers$Holder.linkToTargetMethod(java.lang.Object, java.lang.Object, java.lang.Object, java.lang.Object, java.lang.Object, java.lang.Object, java.lang.Object, java.lang.Object, java.lang.Object)'> (0x0000000619a21ae8) thrown at [./src/hotspot/share/interpreter/linkResolver.cpp, line 773]
Event: 31.443 Thread 0x000001e27d76e800 Exception <a 'java/lang/ClassNotFoundException'{0x000000061997e948}: java/lang/ObjectCustomizer> (0x000000061997e948) thrown at [./src/hotspot/share/classfile/systemDictionary.cpp, line 231]
Event: 31.444 Thread 0x000001e27d76e800 Exception <a 'java/lang/ClassNotFoundException'{0x00000006199a2588}: org/springframework/boot/actuate/autoconfigure/metrics/jdbc/DataSourcePoolMetricsAutoConfiguration$HikariDataSourceMetricsConfigurationCustomizer> (0x00000006199a2588) thrown at [./src/hotspot/share/classfile/systemDictionary.cpp, line 231]
Event: 31.451 Thread 0x000001e27d76e800 Exception <a 'java/lang/ClassNotFoundException'{0x00000006199e26a8}: java/lang/ObjectCustomizer> (0x00000006199e26a8) thrown at [./src/hotspot/share/classfile/systemDictionary.cpp, line 231]
Event: 31.453 Thread 0x000001e27d76e800 Exception <a 'java/lang/ClassNotFoundException'{0x0000000619607ac0}: org/springframework/boot/actuate/autoconfigure/metrics/jdbc/DataSourcePoolMetricsAutoConfiguration$DataSourcePoolMetadataMetricsConfigurationCustomizer> (0x0000000619607ac0) thrown at [./src/hotspot/share/classfile/systemDictionary.cpp, line 231]
Event: 31.460 Thread 0x000001e27d76e800 Exception <a 'java/lang/IncompatibleClassChangeError'{0x0000000619637b28}: Found class java.lang.Object, but interface was expected> (0x0000000619637b28) thrown at [./src/hotspot/share/interpreter/linkResolver.cpp, line 839]
Event: 31.462 Thread 0x000001e27d76e800 Exception <a 'java/lang/ClassNotFoundException'{0x0000000619645fa8}: java/lang/ObjectCustomizer> (0x0000000619645fa8) thrown at [./src/hotspot/share/classfile/systemDictionary.cpp, line 231]
Event: 31.463 Thread 0x000001e27d76e800 Exception <a 'java/lang/ClassNotFoundException'{0x0000000619663f70}: org/springframework/boot/actuate/autoconfigure/metrics/orm/jpa/HibernateMetricsAutoConfigurationCustomizer> (0x0000000619663f70) thrown at [./src/hotspot/share/classfile/systemDictionary.cpp, line 231]
Event: 32.021 Thread 0x000001e27d76e800 Exception <a 'java/lang/IncompatibleClassChangeError'{0x0000000618733548}: Found class java.lang.Object, but interface was expected> (0x0000000618733548) thrown at [./src/hotspot/share/interpreter/linkResolver.cpp, line 839]
Event: 32.040 Thread 0x000001e27d76e800 Exception <a 'java/lang/NoSuchMethodError'{0x000000061878f880}: 'java.lang.Object java.lang.invoke.DirectMethodHandle$Holder.invokeStatic(java.lang.Object, java.lang.Object, java.lang.Object, java.lang.Object, java.lang.Object, java.lang.Object, java.lang.Object, java.lang.Object, java.lang.Object, java.lang.Object, java.lang.Object, int)'> (0x000000061878f880) thrown at [./src/hotspot/share/interpreter/linkResolver.cpp, line 773]
Event: 32.042 Thread 0x000001e27d76e800 Exception <a 'java/lang/NoSuchMethodError'{0x00000006187ada58}: 'java.lang.Object java.lang.invoke.DirectMethodHandle$Holder.invokeStatic(java.lang.Object, java.lang.Object, java.lang.Object, java.lang.Object, java.lang.Object, java.lang.Object, java.lang.Object, java.lang.Object, java.lang.Object, java.lang.Object, java.lang.Object, int, int)'> (0x00000006187ada58) thrown at [./src/hotspot/share/interpreter/linkResolver.cpp, line 773]
Event: 32.044 Thread 0x000001e27d76e800 Exception <a 'java/lang/NoSuchMethodError'{0x00000006187cca90}: 'java.lang.Object java.lang.invoke.DirectMethodHandle$Holder.invokeStatic(java.lang.Object, java.lang.Object, java.lang.Object, java.lang.Object, java.lang.Object, java.lang.Object, java.lang.Object, java.lang.Object, java.lang.Object, java.lang.Object, java.lang.Object, int, int, java.lang.Object)'> (0x00000006187cca90) thrown at [./src/hotspot/share/interpreter/linkResolver.cpp, line 773]
Event: 32.046 Thread 0x000001e27d76e800 Exception <a 'java/lang/NoSuchMethodError'{0x00000006187ed1f0}: 'java.lang.Object java.lang.invoke.DirectMethodHandle$Holder.invokeStatic(java.lang.Object, java.lang.Object, java.lang.Object, java.lang.Object, java.lang.Object, java.lang.Object, java.lang.Object, java.lang.Object, java.lang.Object, java.lang.Object, java.lang.Object, int, int, java.lang.Object, java.lang.Object)'> (0x00000006187ed1f0) thrown at [./src/hotspot/share/interpreter/linkResolver.cpp, line 773]
Event: 75.313 Thread 0x000001e20862e800 Exception <a 'java/net/SocketTimeoutException'{0x00000006287392c0}: Read timed out> (0x00000006287392c0) thrown at [./src/hotspot/share/prims/jni.cpp, line 636]

Events (20 events):
Event: 83.216 Executing VM operation: RevokeBias
Event: 83.216 Executing VM operation: RevokeBias done
Event: 83.217 Executing VM operation: RevokeBias
Event: 83.217 Executing VM operation: RevokeBias done
Event: 83.217 Executing VM operation: RevokeBias
Event: 83.217 Executing VM operation: RevokeBias done
Event: 83.497 Executing VM operation: RevokeBias
Event: 83.497 Executing VM operation: RevokeBias done
Event: 84.708 Thread 0x000001e208e1f000 Thread exited: 0x000001e208e1f000
Event: 87.189 Thread 0x000001e208e1b000 Thread exited: 0x000001e208e1b000
Event: 172.542 Loaded shared library C:\myprograms\JetBrains\IntelliJ IDEA Community Edition 2021.2\jbr\bin\java.dll
Event: 644.068 Executing VM operation: RevokeBias
Event: 644.068 Executing VM operation: RevokeBias done
Event: 645.720 Executing VM operation: RevokeBias
Event: 645.720 Executing VM operation: RevokeBias done
Event: 645.721 Executing VM operation: RevokeBias
Event: 645.721 Executing VM operation: RevokeBias done
Event: 705.796 Executing VM operation: RevokeBias
Event: 705.796 Executing VM operation: RevokeBias done
Event: 824.064 Executing VM operation: G1CollectForAllocation


Dynamic libraries:
0x00007ff6edb30000 - 0x00007ff6edb3a000 	C:\myprograms\JetBrains\IntelliJ IDEA Community Edition 2021.2\jbr\bin\java.exe
0x00007ff81f1f0000 - 0x00007ff81f3e5000 	C:\WINDOWS\SYSTEM32\ntdll.dll
0x00007ff81d640000 - 0x00007ff81d6fd000 	C:\WINDOWS\System32\KERNEL32.DLL
0x00007ff81ca10000 - 0x00007ff81ccd9000 	C:\WINDOWS\System32\KERNELBASE.dll
0x00007ff81cff0000 - 0x00007ff81d0f0000 	C:\WINDOWS\System32\ucrtbase.dll
0x00007ffff7710000 - 0x00007ffff7727000 	C:\myprograms\JetBrains\IntelliJ IDEA Community Edition 2021.2\jbr\bin\VCRUNTIME140.dll
0x00007ff801760000 - 0x00007ff801779000 	C:\myprograms\JetBrains\IntelliJ IDEA Community Edition 2021.2\jbr\bin\jli.dll
0x00007ff81e870000 - 0x00007ff81ea10000 	C:\WINDOWS\System32\USER32.dll
0x00007ff81cf90000 - 0x00007ff81cfb2000 	C:\WINDOWS\System32\win32u.dll
0x00007ffff9810000 - 0x00007ffff9aaa000 	C:\WINDOWS\WinSxS\amd64_microsoft.windows.common-controls_6595b64144ccf1df_6.0.19041.1110_none_60b5254171f9507e\COMCTL32.dll
0x00007ff81d610000 - 0x00007ff81d63a000 	C:\WINDOWS\System32\GDI32.dll
0x00007ff81d250000 - 0x00007ff81d2ee000 	C:\WINDOWS\System32\msvcrt.dll
0x00007ff81cdd0000 - 0x00007ff81cedb000 	C:\WINDOWS\System32\gdi32full.dll
0x00007ff81cd30000 - 0x00007ff81cdcd000 	C:\WINDOWS\System32\msvcp_win.dll
0x00007ff81d420000 - 0x00007ff81d450000 	C:\WINDOWS\System32\IMM32.DLL
0x00007fffdf0e0000 - 0x00007fffdf17d000 	C:\myprograms\JetBrains\IntelliJ IDEA Community Edition 2021.2\jbr\bin\msvcp140.dll
0x00007fffaa0d0000 - 0x00007fffaac1a000 	C:\myprograms\JetBrains\IntelliJ IDEA Community Edition 2021.2\jbr\bin\server\jvm.dll
0x00007ff81e160000 - 0x00007ff81e20c000 	C:\WINDOWS\System32\ADVAPI32.dll
0x00007ff81d700000 - 0x00007ff81d79b000 	C:\WINDOWS\System32\sechost.dll
0x00007ff81d2f0000 - 0x00007ff81d41a000 	C:\WINDOWS\System32\RPCRT4.dll
0x00007ff81e210000 - 0x00007ff81e218000 	C:\WINDOWS\System32\PSAPI.DLL
0x00007ff80bf30000 - 0x00007ff80bf39000 	C:\WINDOWS\SYSTEM32\WSOCK32.dll
0x00007ffff9530000 - 0x00007ffff9557000 	C:\WINDOWS\SYSTEM32\WINMM.dll
0x00007ff816030000 - 0x00007ff81603a000 	C:\WINDOWS\SYSTEM32\VERSION.dll
0x00007ff81da10000 - 0x00007ff81da7b000 	C:\WINDOWS\System32\WS2_32.dll
0x00007ff81b170000 - 0x00007ff81b182000 	C:\WINDOWS\SYSTEM32\kernel.appcore.dll
0x00007ff812280000 - 0x00007ff812291000 	C:\myprograms\JetBrains\IntelliJ IDEA Community Edition 2021.2\jbr\bin\verify.dll
0x00007ff812df0000 - 0x00007ff812fd4000 	C:\WINDOWS\SYSTEM32\DBGHELP.DLL
0x00007ff803650000 - 0x00007ff80367c000 	C:\WINDOWS\SYSTEM32\dbgcore.DLL
0x00007ff81c920000 - 0x00007ff81c9a3000 	C:\WINDOWS\System32\bcryptPrimitives.dll
0x00007ff80cbd0000 - 0x00007ff80cbf9000 	C:\myprograms\JetBrains\IntelliJ IDEA Community Edition 2021.2\jbr\bin\java.dll
0x00007ff81a0c0000 - 0x00007ff81a0cb000 	C:\myprograms\JetBrains\IntelliJ IDEA Community Edition 2021.2\jbr\bin\jimage.dll
0x00007ff811b10000 - 0x00007ff811b28000 	C:\myprograms\JetBrains\IntelliJ IDEA Community Edition 2021.2\jbr\bin\zip.dll
0x00007ff81ea70000 - 0x00007ff81f1af000 	C:\WINDOWS\System32\SHELL32.dll
0x00007ff81a9a0000 - 0x00007ff81b130000 	C:\WINDOWS\SYSTEM32\windows.storage.dll
0x00007ff81e510000 - 0x00007ff81e865000 	C:\WINDOWS\System32\combase.dll
0x00007ff81c1d0000 - 0x00007ff81c1fc000 	C:\WINDOWS\SYSTEM32\Wldp.dll
0x00007ff81db60000 - 0x00007ff81dc0e000 	C:\WINDOWS\System32\SHCORE.dll
0x00007ff81d5a0000 - 0x00007ff81d5f5000 	C:\WINDOWS\System32\shlwapi.dll
0x00007ff81c860000 - 0x00007ff81c87f000 	C:\WINDOWS\SYSTEM32\profapi.dll
0x00007ff80cbb0000 - 0x00007ff80cbca000 	C:\myprograms\JetBrains\IntelliJ IDEA Community Edition 2021.2\jbr\bin\net.dll
0x00007ff819fb0000 - 0x00007ff81a0b8000 	C:\WINDOWS\SYSTEM32\WINHTTP.dll
0x00007ff81bfb0000 - 0x00007ff81c01a000 	C:\WINDOWS\system32\mswsock.dll
0x00007ff80cac0000 - 0x00007ff80cad4000 	C:\myprograms\JetBrains\IntelliJ IDEA Community Edition 2021.2\jbr\bin\nio.dll
0x00007ff8125d0000 - 0x00007ff8125da000 	C:\myprograms\JetBrains\IntelliJ IDEA Community Edition 2021.2\jbr\bin\management.dll
0x00007ff812350000 - 0x00007ff81235d000 	C:\myprograms\JetBrains\IntelliJ IDEA Community Edition 2021.2\jbr\bin\management_ext.dll
0x00007fffbfbb0000 - 0x00007fffbfbc7000 	C:\WINDOWS\system32\napinsp.dll
0x00007fffbf9e0000 - 0x00007fffbf9fb000 	C:\WINDOWS\system32\pnrpnsp.dll
0x00007ff817930000 - 0x00007ff81794d000 	C:\WINDOWS\system32\NLAapi.dll
0x00007ff81bcc0000 - 0x00007ff81bcfb000 	C:\WINDOWS\SYSTEM32\IPHLPAPI.DLL
0x00007ff816560000 - 0x00007ff816575000 	C:\WINDOWS\system32\wshbth.dll
0x00007ff81bd00000 - 0x00007ff81bdcc000 	C:\WINDOWS\SYSTEM32\DNSAPI.dll
0x00007ff81d600000 - 0x00007ff81d608000 	C:\WINDOWS\System32\NSI.dll
0x00007fffbf5d0000 - 0x00007fffbf5e2000 	C:\WINDOWS\System32\winrnr.dll
0x00007ff811b30000 - 0x00007ff811b3a000 	C:\Windows\System32\rasadhlp.dll
0x00007ff811660000 - 0x00007ff8116df000 	C:\WINDOWS\System32\fwpuclnt.dll
0x00007ff81cfc0000 - 0x00007ff81cfe7000 	C:\WINDOWS\System32\bcrypt.dll
0x00007ff81c210000 - 0x00007ff81c228000 	C:\WINDOWS\SYSTEM32\CRYPTSP.dll
0x00007ff81b950000 - 0x00007ff81b984000 	C:\WINDOWS\system32\rsaenh.dll
0x00007ff81c820000 - 0x00007ff81c84e000 	C:\WINDOWS\SYSTEM32\USERENV.dll
0x00007ff81c140000 - 0x00007ff81c14c000 	C:\WINDOWS\SYSTEM32\CRYPTBASE.dll
0x00007ff815ab0000 - 0x00007ff815ac7000 	C:\WINDOWS\SYSTEM32\dhcpcsvc6.DLL
0x00007ff8159b0000 - 0x00007ff8159cd000 	C:\WINDOWS\SYSTEM32\dhcpcsvc.DLL
0x00007ff80c930000 - 0x00007ff80c958000 	C:\myprograms\JetBrains\IntelliJ IDEA Community Edition 2021.2\jbr\bin\sunec.dll

dbghelp: loaded successfully - version: 4.0.5 - missing functions: none
symbol engine: initialized successfully - sym options: 0x614 - pdb path: .;C:\myprograms\JetBrains\IntelliJ IDEA Community Edition 2021.2\jbr\bin;C:\WINDOWS\SYSTEM32;C:\WINDOWS\WinSxS\amd64_microsoft.windows.common-controls_6595b64144ccf1df_6.0.19041.1110_none_60b5254171f9507e;C:\myprograms\JetBrains\IntelliJ IDEA Community Edition 2021.2\jbr\bin\server

VM Arguments:
jvm_args: -Xverify:none -XX:TieredStopAtLevel=1 
java_command: com.mthoko.mobile.Main
java_class_path (initial): C:\myworkbench\personal\development\learners-drivers-api\target\classes;C:\Users\mthok\.m2\repository\org\springframework\boot\spring-boot-starter-actuator\2.3.0.RELEASE\spring-boot-starter-actuator-2.3.0.RELEASE.jar;C:\Users\mthok\.m2\repository\org\springframework\boot\spring-boot-starter\2.3.0.RELEASE\spring-boot-starter-2.3.0.RELEASE.jar;C:\Users\mthok\.m2\repository\org\springframework\boot\spring-boot-starter-logging\2.3.0.RELEASE\spring-boot-starter-logging-2.3.0.RELEASE.jar;C:\Users\mthok\.m2\repository\ch\qos\logback\logback-classic\1.2.3\logback-classic-1.2.3.jar;C:\Users\mthok\.m2\repository\ch\qos\logback\logback-core\1.2.3\logback-core-1.2.3.jar;C:\Users\mthok\.m2\repository\org\apache\logging\log4j\log4j-to-slf4j\2.13.2\log4j-to-slf4j-2.13.2.jar;C:\Users\mthok\.m2\repository\org\apache\logging\log4j\log4j-api\2.13.2\log4j-api-2.13.2.jar;C:\Users\mthok\.m2\repository\org\slf4j\jul-to-slf4j\1.7.30\jul-to-slf4j-1.7.30.jar;C:\Users\mthok\.m2\repository\jakarta\annotation\jakarta.annotation-api\1.3.5\jakarta.annotation-api-1.3.5.jar;C:\Users\mthok\.m2\repository\org\yaml\snakeyaml\1.26\snakeyaml-1.26.jar;C:\Users\mthok\.m2\repository\org\springframework\boot\spring-boot-actuator-autoconfigure\2.3.0.RELEASE\spring-boot-actuator-autoconfigure-2.3.0.RELEASE.jar;C:\Users\mthok\.m2\repository\org\springframework\boot\spring-boot-actuator\2.3.0.RELEASE\spring-boot-actuator-2.3.0.RELEASE.jar;C:\Users\mthok\.m2\repository\com\fasterxml\jackson\datatype\jackson-datatype-jsr310\2.11.0\jackson-datatype-jsr310-2.11.0.jar;C:\Users\mthok\.m2\repository\org\springframework\spring-context\5.2.6.RELEASE\spring-context-5.2.6.RELEASE.jar;C:\Users\mthok\.m2\repository\io\micrometer\micrometer-core\1.5.1\micrometer-core-1.5.1.jar;C:\Users\mthok\.m2\repository\org\hdrhistogram\HdrHistogram\2.1.12\HdrHistogram-2.1.12.jar;C:\Users\mthok\.m2\repository\org\latencyutils\LatencyUtils\2.0.3\LatencyUtils-2.0.3.jar;C:\Users\mthok\.m2\repository\org\springfra
Launcher Type: SUN_STANDARD

[Global flags]
     bool BytecodeVerificationLocal                = false                                     {product} {command line}
     bool BytecodeVerificationRemote               = false                                     {product} {command line}
     intx CICompilerCount                          = 4                                         {product} {ergonomic}
     uint ConcGCThreads                            = 2                                         {product} {ergonomic}
     uint G1ConcRefinementThreads                  = 8                                         {product} {ergonomic}
   size_t G1HeapRegionSize                         = 2097152                                   {product} {ergonomic}
    uintx GCDrainStackTargetSize                   = 64                                        {product} {ergonomic}
   size_t InitialHeapSize                          = 534773760                                 {product} {ergonomic}
   size_t MarkStackSize                            = 4194304                                   {product} {ergonomic}
   size_t MaxHeapSize                              = 8541700096                                {product} {ergonomic}
   size_t MaxNewSize                               = 5123342336                                {product} {ergonomic}
   size_t MinHeapDeltaBytes                        = 2097152                                   {product} {ergonomic}
    uintx NonNMethodCodeHeapSize                   = 7549744                                {pd product} {ergonomic}
    uintx NonProfiledCodeHeapSize                  = 244108496                              {pd product} {ergonomic}
    uintx ProfiledCodeHeapSize                     = 0                                      {pd product} {ergonomic}
    uintx ReservedCodeCacheSize                    = 251658240                              {pd product} {ergonomic}
     bool SegmentedCodeCache                       = true                                      {product} {ergonomic}
     intx TieredStopAtLevel                        = 1                                         {product} {command line}
     bool UseCompressedClassPointers               = true                                 {lp64_product} {ergonomic}
     bool UseCompressedOops                        = true                                 {lp64_product} {ergonomic}
     bool UseG1GC                                  = true                                      {product} {ergonomic}
     bool UseLargePagesIndividualAllocation        = false                                  {pd product} {ergonomic}

Logging:
Log output configuration:
 #0: stdout all=warning uptime,level,tags
 #1: stderr all=off uptime,level,tags

Environment Variables:
JAVA_HOME=C:\myprograms\Java\jdk1.8.0_291
PATH=C:\Program Files (x86)\Common Files\Oracle\Java\javapath;C:\WINDOWS\system32;C:\WINDOWS;C:\WINDOWS\System32\Wbem;C:\WINDOWS\System32\WindowsPowerShell\v1.0\;C:\WINDOWS\System32\OpenSSH\;C:\myprograms\intellij-2021.1.1\bin;C:\myprograms\Git-2.31.1\cmd;C:\myprograms\Git-2.31.1\bin;C:\myprograms\VSCode-1.56.2\bin;C:\myprograms\intellij-2021.1.1;C:\myprograms\Java\jdk1.8.0_291\bin;C:\myprograms\maven\apache-maven-3.8.1\bin;C:\myprograms\PostgreSQL\9.6\bin;C:\myprograms\vlc-3.0.14;C:\myprograms\node-v14.17.0;C:\Program Files\Docker\Docker\resources\bin;C:\ProgramData\DockerDesktop\version-bin;C:\Users\mthok\AppData\Local\Microsoft\WindowsApps;C:\myprograms\heroku\bin;C:\myprograms\JetBrains\IntelliJ IDEA 2021.1.2\bin;;C:\myprograms\JetBrains\IntelliJ IDEA Community Edition 2021.2\bin;
USERNAME=mthok
OS=Windows_NT
PROCESSOR_IDENTIFIER=Intel64 Family 6 Model 142 Stepping 12, GenuineIntel



---------------  S Y S T E M  ---------------

OS: Windows 10 , 64 bit Build 19041 (10.0.19041.1151)
OS uptime: 16 days 2:13 hours
Hyper-V role detected

CPU:total 8 (initial active 8) (4 cores per cpu, 2 threads per core) family 6 model 142 stepping 12 microcode 0xde, cmov, cx8, fxsr, mmx, sse, sse2, sse3, ssse3, sse4.1, sse4.2, popcnt, avx, avx2, aes, clmul, erms, 3dnowpref, lzcnt, ht, tsc, tscinvbit, bmi1, bmi2, adx, fma

Memory: 4k page, system-wide physical 32582M (13785M free)
TotalPageFile size 44382M (AvailPageFile size 8738M)
current process WorkingSet (physical memory assigned to process): 561M, peak: 561M
current process commit charge ("private bytes"): 817M, peak: 818M

vm_info: OpenJDK 64-Bit Server VM (11.0.11+9-b1504.13) for windows-amd64 JRE (11.0.11+9-b1504.13), built on Jul 18 2021 03:17:44 by "" with MS VC++ 14.0 (VS2015)

END.
